<?xml version="1.0" encoding="utf-8"?><testsuites name="pytest tests"><testsuite name="pytest" errors="0" failures="0" skipped="0" tests="290" time="59.775" timestamp="2026-09-25T10:31:26.925651+08:00" hostname="quanyimingdeMac-mini.local"><testcase classname="tests.test_admin" name="test_admin_account_project_membership_and_viewer_denials" time="0.323" /><testcase classname="tests.test_admin" name="test_disable_revokes_sessions_and_queued_work_but_never_disables_last_manager" time="0.308" /><testcase classname="tests.test_ahp" name="test_ratio_matrix_identity_order_and_inconsistent_rejection" time="0.000" /><testcase classname="tests.test_ahp" name="test_matrix_csv_xlsx_mapping_and_formula_rejection" time="0.206" /><testcase classname="tests.test_ahp" name="test_published_ahp_actually_computes_point66_and_contributions" time="0.197" /><testcase classname="tests.test_assessment_space" name="test_full_grid_assessment_matches_whole_matrix_not_per_block[weighted]" time="0.273" /><testcase classname="tests.test_assessment_space" name="test_full_grid_assessment_matches_whole_matrix_not_per_block[entropy]" time="0.236" /><testcase classname="tests.test_assessment_space" name="test_full_grid_assessment_matches_whole_matrix_not_per_block[topsis]" time="0.228" /><testcase classname="tests.test_assessment_space" name="test_vector_scores_preserve_actual_geometry_and_native_source" time="0.258" /><testcase classname="tests.test_assessment_space" name="test_csv_spatiality_uses_explicit_coordinates_not_extension" time="0.304" /><testcase classname="tests.test_assessment_space" name="test_raster_rejects_outside_reference_without_partial_success" time="0.197" /><testcase classname="tests.test_assessment_space" name="test_raster_mismatched_grid_and_unknown_units_are_not_adapted_silently" time="0.247" /><testcase classname="tests.test_asset_identity" name="test_different_intentions_share_only_physical_bytes" time="0.155" /><testcase classname="tests.test_asset_identity" name="test_retry_of_one_internal_intent_is_exact_and_payload_conflict_fails" time="0.143" /><testcase classname="tests.test_asset_identity" name="test_sqlite_constraint_upgrade_preserves_existing_ids_and_references" time="0.231" /><testcase classname="tests.test_asset_identity" name="test_other_project_blob_existence_is_not_disclosed_and_asset_is_not_accessible" time="0.189" /><testcase classname="tests.test_batches" name="test_upload_batch_recovers_partial_failure_and_replay_preserves_task" time="0.272" /><testcase classname="tests.test_batches" name="test_local_batch_no_traversal_no_symlinks_and_hash_matches" time="0.195" /><testcase classname="tests.test_batches" name="test_ready_upload_replay_must_match_actual_bytes" time="0.263" /><testcase classname="tests.test_batches" name="test_local_file_changed_while_queued_is_not_silently_substituted" time="0.157" /><testcase classname="tests.test_builtin_indicators" name="test_A_B_D_J_selection_autobinding_and_fixed_algorithm" time="0.305" /><testcase classname="tests.test_builtin_indicators" name="test_unknown_rgb_does_not_guess_nir_or_allow_contract_injection" time="0.257" /><testcase classname="tests.test_builtin_indicators" name="test_registry_published_entries_have_verified_runner_and_private_definition" time="0.180" /><testcase classname="tests.test_builtin_operators" name="test_core_operators_work_without_plugin_discovery" time="0.011" /><testcase classname="tests.test_builtin_operators" name="test_weight_and_reducer_types_are_not_interchangeable" time="0.000" /><testcase classname="tests.test_builtin_operators" name="test_no_implicit_equal_weight_for_degenerate_data[weight.entropy]" time="0.000" /><testcase classname="tests.test_builtin_operators" name="test_no_implicit_equal_weight_for_degenerate_data[weight.critic]" time="0.000" /><testcase classname="tests.test_builtin_operators" name="test_no_implicit_equal_weight_for_degenerate_data[weight.standard_deviation]" time="0.000" /><testcase classname="tests.test_builtin_operators" name="test_no_implicit_equal_weight_for_degenerate_data[weight.coefficient_variation]" time="0.000" /><testcase classname="tests.test_builtin_operators" name="test_scoring_and_classification_boundaries" time="0.000" /><testcase classname="tests.test_builtin_operators" name="test_unknown_weight_profile_cannot_be_published_by_type_coercion" time="0.000" /><testcase classname="tests.test_catalog_lifecycle" name="test_edit_conflict_search_and_recycle_restore_keep_bytes_and_identity" time="0.202" /><testcase classname="tests.test_catalog_lifecycle" name="test_whole_query_selection_is_frozen_with_partial_conflict_results" time="0.307" /><testcase classname="tests.test_catalog_lifecycle" name="test_active_run_blocks_recycle_and_recycled_input_blocks_new_execution" time="0.219" /><testcase classname="tests.test_catalog_lifecycle" name="test_lifecycle_permissions_and_plan_ownership_are_rechecked" time="0.306" /><testcase classname="tests.test_collaboration" name="test_durable_personal_opinion_draft_cas_publish_and_replay" time="0.371" /><testcase classname="tests.test_collaboration" name="test_roles_personal_drafts_review_version_conflict_and_history_retained" time="0.785" /><testcase classname="tests.test_collaboration" name="test_new_run_never_inherits_old_review_and_concurrent_reviews_do_not_overwrite" time="0.538" /><testcase classname="tests.test_comparison" name="test_assessment_aligns_string_ids_and_explains_weight_sensitivity" time="0.000" /><testcase classname="tests.test_comparison" name="test_incompatible_results_never_emit_a_numeric_difference[source-SOURCE_DIFFERENT]" time="0.000" /><testcase classname="tests.test_comparison" name="test_incompatible_results_never_emit_a_numeric_difference[normalization-NORMALIZATION_DIFFERENT]" time="0.000" /><testcase classname="tests.test_comparison" name="test_incompatible_results_never_emit_a_numeric_difference[method-METHOD_DIFFERENT]" time="0.000" /><testcase classname="tests.test_comparison" name="test_incompatible_results_never_emit_a_numeric_difference[mapping-MAPPING_DIFFERENT]" time="0.000" /><testcase classname="tests.test_comparison" name="test_incompatible_results_never_emit_a_numeric_difference[rows-IDENTITY_DIFFERENT]" time="0.000" /><testcase classname="tests.test_comparison" name="test_incompatible_results_never_emit_a_numeric_difference[duplicate-IDENTITY_INVALID]" time="0.000" /><testcase classname="tests.test_comparison" name="test_incompatible_results_never_emit_a_numeric_difference[scope-SCOPE_DIFFERENT]" time="0.000" /><testcase classname="tests.test_comparison" name="test_incompatible_results_never_emit_a_numeric_difference[unknown-UNIT_UNKNOWN]" time="0.000" /><testcase classname="tests.test_comparison" name="test_equivalent_reference_units_convert_without_changing_meaning" time="0.000" /><testcase classname="tests.test_comparison" name="test_temporal_native_calendar_and_actual_unit_conversion" time="0.000" /><testcase classname="tests.test_comparison" name="test_optimization_infeasible_is_unknown_not_unselected" time="0.000" /><testcase classname="tests.test_comparison" name="test_actual_comparison_persists_runs_exports_and_isolates_project" time="0.306" /><testcase classname="tests.test_comparison" name="test_result_integrity_rechecked_by_worker_and_read_only_role_cannot_execute" time="0.324" /><testcase classname="tests.test_comparison" name="test_actual_cf_result_contract_and_changed_interpolation_evidence" time="0.000" /><testcase classname="tests.test_comparison" name="test_comparison_bundle_carries_hash_verified_parent_results" time="0.410" /><testcase classname="tests.test_comparison" name="test_actual_optimization_constraint_sensitivity_preserves_protected_units" time="0.267" /><testcase classname="tests.test_comparison" name="test_temperature_difference_is_an_increment_not_an_absolute_temperature" time="0.000" /><testcase classname="tests.test_config_security" name="test_settings_repr_does_not_expose_database_credentials" time="0.000" /><testcase classname="tests.test_configuration_review" name="test_empty_and_known_gaps_never_read_source_or_compute" time="0.202" /><testcase classname="tests.test_configuration_review" name="test_metadata_review_scopes_known_issues_and_rejects_stale_revision" time="0.298" /><testcase classname="tests.test_configuration_review" name="test_review_permission_failure_does_not_return_cached_private_metadata" time="0.216" /><testcase classname="tests.test_configuration_review" name="test_no_statement_is_not_reported_as_invalid_scope_after_input_removal" time="0.161" /><testcase classname="tests.test_csvw" name="test_csvw_reads_types_null_decimal_comma_and_leading_zero_identity" time="0.276" /><testcase classname="tests.test_csvw" name="test_csvw_does_not_silently_coerce_or_drop_invalid_rows[ID;Length;Valid\n001;1,25;true\n001;2,5;false\n-CSVW_PRIMARY_KEY]" time="0.144" /><testcase classname="tests.test_csvw" name="test_csvw_does_not_silently_coerce_or_drop_invalid_rows[ID;Length;Valid\n001;wrong;true\n-CSVW_VALUE]" time="0.145" /><testcase classname="tests.test_csvw" name="test_csvw_does_not_silently_coerce_or_drop_invalid_rows[ID;Length;Valid\n001;2,5\n-CSVW_ROW_WIDTH]" time="0.145" /><testcase classname="tests.test_csvw" name="test_csvw_never_fetches_external_or_traversal_table_references" time="0.152" /><testcase classname="tests.test_csvw" name="test_csvw_actual_assessment_and_export_roundtrip" time="0.294" /><testcase classname="tests.test_csvw" name="test_csvw_unimplemented_semantics_preserve_registration_but_block_computation" time="0.161" /><testcase classname="tests.test_csvw" name="test_csvw_numeric_lexical_errors_never_coerce[1_000]" time="0.140" /><testcase classname="tests.test_csvw" name="test_csvw_numeric_lexical_errors_never_coerce[1.2.3]" time="0.141" /><testcase classname="tests.test_csvw" name="test_csvw_numeric_lexical_errors_never_coerce[NaN]" time="0.219" /><testcase classname="tests.test_csvw" name="test_csvw_numeric_lexical_errors_never_coerce[Infinity]" time="0.140" /><testcase classname="tests.test_csvw" name="test_csvw_nested_multitable_selection_has_local_identity" time="0.168" /><testcase classname="tests.test_csvw" name="test_malformed_csvw_metadata_returns_user_error_not_server_error[columns0]" time="0.144" /><testcase classname="tests.test_csvw" name="test_malformed_csvw_metadata_returns_user_error_not_server_error[columns1]" time="0.142" /><testcase classname="tests.test_csvw" name="test_malformed_csvw_metadata_returns_user_error_not_server_error[columns2]" time="0.221" /><testcase classname="tests.test_decisions" name="test_assessment_reads_whole_table_converts_units_and_preserves_identity" time="0.217" /><testcase classname="tests.test_decisions" name="test_optimization_bulk_loads_protection_and_never_invents_missing_cost" time="0.226" /><testcase classname="tests.test_decisions" name="test_optimization_area_threshold_uses_declared_unit_and_protection_is_required" time="0.292" /><testcase classname="tests.test_decisions" name="test_method_authoring_uses_server_draft_and_atomic_publication" time="0.185" /><testcase classname="tests.test_decisions" name="test_invalid_method_and_unauthorized_approval_leave_no_partial_publication" time="0.308" /><testcase classname="tests.test_decisions" name="test_method_revision_keeps_one_lineage_and_old_definition" time="0.324" /><testcase classname="tests.test_execution" name="test_preflight_enqueue_real_worker_and_complete_download" time="0.205" /><testcase classname="tests.test_execution" name="test_new_draft_revision_requires_new_idempotency_intent" time="0.190" /><testcase classname="tests.test_execution" name="test_worker_verifies_actual_bytes_and_records_failure" time="0.262" /><testcase classname="tests.test_execution" name="test_scientific_missing_unit_blocks_only_dependent_computation" time="0.229" /><testcase classname="tests.test_geospatial_view" name="test_view_and_native_inspect_need_no_task_or_science" time="0.207" /><testcase classname="tests.test_geospatial_view" name="test_bad_or_unsupported_location_keeps_actual_non_geographic_image[missing]" time="0.244" /><testcase classname="tests.test_geospatial_view" name="test_bad_or_unsupported_location_keeps_actual_non_geographic_image[conflict]" time="0.172" /><testcase classname="tests.test_geospatial_view" name="test_bad_or_unsupported_location_keeps_actual_non_geographic_image[identity]" time="0.168" /><testcase classname="tests.test_geospatial_view" name="test_bad_or_unsupported_location_keeps_actual_non_geographic_image[antimeridian]" time="0.172" /><testcase classname="tests.test_geospatial_view" name="test_rotation_native_identity_and_transparent_warp_edges" time="0.257" /><testcase classname="tests.test_geospatial_view" name="test_all_nodata_and_band_validation" time="0.164" /><testcase classname="tests.test_geospatial_view" name="test_catalog_paging_personal_state_conflict_and_scope" time="0.247" /><testcase classname="tests.test_geospatial_view" name="test_alpha_palette_and_cache_keep_valid_zero_and_original_codes" time="0.191" /><testcase classname="tests.test_group_sessions" name="test_group_resume_and_supplement_keep_received_parts_and_original_download" time="0.276" /><testcase classname="tests.test_group_sessions" name="test_orphan_world_file_reuses_managed_primary_as_new_version" time="0.192" /><testcase classname="tests.test_group_sessions" name="test_shapefile_members_are_one_logical_vector_not_table_fragments" time="0.192" /><testcase classname="tests.test_import_targets" name="test_import_target_recovery_conflict_and_idempotence" time="0.269" /><testcase classname="tests.test_import_targets" name="test_target_cannot_attach_unrelated_or_cross_project_bytes" time="0.205" /><testcase classname="tests.test_indicator_kernels" name="test_spectral_profiles_physical_values_and_nodata[ndvi-0.5-parameters0]" time="0.000" /><testcase classname="tests.test_indicator_kernels" name="test_spectral_profiles_physical_values_and_nodata[evi-0.48780487804878053-parameters1]" time="0.000" /><testcase classname="tests.test_indicator_kernels" name="test_spectral_profiles_physical_values_and_nodata[savi-0.4615384615384615-parameters2]" time="0.000" /><testcase classname="tests.test_indicator_kernels" name="test_spectral_profiles_physical_values_and_nodata[ndwi--0.3333333333333333-parameters3]" time="0.000" /><testcase classname="tests.test_indicator_kernels" name="test_spectral_profiles_physical_values_and_nodata[mndwi--0.14285714285714285-parameters4]" time="0.000" /><testcase classname="tests.test_indicator_kernels" name="test_spectral_profiles_physical_values_and_nodata[ndbi--0.2-parameters5]" time="0.000" /><testcase classname="tests.test_indicator_kernels" name="test_C_expansion_candidate_library_and_actual_rate" time="0.249" /><testcase classname="tests.test_indicator_kernels" name="test_E_road_density_uses_default_radius_and_deduplicated_clipped_length" time="0.330" /><testcase classname="tests.test_initialization" name="test_sqlite_first_initialization_is_serialized" time="0.014" /><testcase classname="tests.test_initialization" name="test_clean_bootstrap_never_overwrites_existing_namespace" time="0.095" /><testcase classname="tests.test_initialization" name="test_worker_finishes_current_call_before_stopping" time="0.001" /><testcase classname="tests.test_input_requirements" name="test_method_application_drives_requirements_and_plain_preview_remains_unblocked" time="0.237" /><testcase classname="tests.test_input_requirements" name="test_analyst_can_publish_but_cannot_approve_or_apply_unapproved_version" time="0.256" /><testcase classname="tests.test_input_requirements" name="test_model_requirements_distinguish_training_prediction_and_clustering" time="0.297" /><testcase classname="tests.test_input_requirements" name="test_ndvi_recipe_cannot_claim_nonexistent_bands_ready" time="0.190" /><testcase classname="tests.test_input_transactions" name="test_recycled_task_does_not_lock_active_project" time="0.176" /><testcase classname="tests.test_input_transactions" name="test_attach_replay_preserves_mapping_and_durable_revision" time="0.164" /><testcase classname="tests.test_input_transactions" name="test_partial_attachment_and_conflict_explain_actual_changes" time="0.278" /><testcase classname="tests.test_input_transactions" name="test_fixed_asset_version_and_cross_project_access" time="0.247" /><testcase classname="tests.test_intake" name="test_csv_dialect_ids_zero_and_unknown_units" time="0.001" /><testcase classname="tests.test_intake" name="test_raster_magic_grid_and_physical_values" time="0.002" /><testcase classname="tests.test_intake" name="test_cf_calendar_bounds_and_cell_methods_are_retained" time="0.003" /><testcase classname="tests.test_intake" name="test_geojson_and_multilayer_gpkg" time="0.013" /><testcase classname="tests.test_intake" name="test_upload_keeps_bytes_reuses_blob_and_attaches_independent_asset_to_task" time="0.159" /><testcase classname="tests.test_intake" name="test_unapproved_local_path_is_rejected" time="0.138" /><testcase classname="tests.test_knowledge_authoring" name="test_publish_source_statement_is_atomic_and_preserves_manual_model_roles" time="0.285" /><testcase classname="tests.test_logical_imports" name="test_four_members_one_asset_native_values_and_replay" time="0.186" /><testcase classname="tests.test_logical_imports" name="test_worldfile_rotation_center_and_unknown_crs_are_not_guessed" time="0.189" /><testcase classname="tests.test_logical_imports" name="test_orphans_cross_directory_and_unsafe_xml_do_not_enter_library" time="0.314" /><testcase classname="tests.test_logical_imports" name="test_conflicting_georeference_and_wrong_mask_not_silently_ignored" time="0.163" /><testcase classname="tests.test_logical_imports" name="test_standalone_sidecar_is_not_a_csv_or_a_new_indicator" time="0.142" /><testcase classname="tests.test_logical_imports" name="test_sidecar_reader_integrity_preserves_original_identity" time="0.158" /><testcase classname="tests.test_management_catalog" name="test_user_project_edits_and_frozen_batch_restore" time="1.264" /><testcase classname="tests.test_management_catalog" name="test_last_admin_and_project_permissions_are_server_enforced" time="0.288" /><testcase classname="tests.test_management_catalog" name="test_task_recycle_refuses_running_job_and_copies_without_old_results" time="0.197" /><testcase classname="tests.test_management_catalog" name="test_recycled_project_blocks_new_science_but_restore_preserves_records" time="0.175" /><testcase classname="tests.test_management_catalog" name="test_member_removal_revokes_project_access_preserves_account_and_last_manager" time="0.363" /><testcase classname="tests.test_method_library" name="test_durable_method_editor_fixed_publication_clone_and_roundtrip" time="0.231" /><testcase classname="tests.test_method_library" name="test_table_import_preserves_missing_science_and_rejects_bad_definition" time="0.201" /><testcase classname="tests.test_method_library" name="test_method_permissions_and_project_lifecycle" time="0.312" /><testcase classname="tests.test_method_library" name="test_revoked_method_cannot_regain_approval_when_it_becomes_historical" time="0.211" /><testcase classname="tests.test_method_library" name="test_partial_draft_types_and_publish_business_errors" time="0.219" /><testcase classname="tests.test_method_library" name="test_partial_indicator_import_retains_original_without_inventing_science" time="0.263" /><testcase classname="tests.test_method_library" name="test_incomplete_optimization_and_ahp_drafts_keep_strict_types" time="0.173" /><testcase classname="tests.test_method_library" name="test_indicator_table_import_appends_to_existing_draft_and_retains_source" time="0.177" /><testcase classname="tests.test_models" name="test_runtime_has_no_execution_qualification_without_new_approval" time="0.250" /><testcase classname="tests.test_models" name="test_table_binding_preserves_identity_and_physical_conversion" time="0.142" /><testcase classname="tests.test_models" name="test_missing_and_duplicate_observations_are_not_silently_dropped" time="0.147" /><testcase classname="tests.test_outputs" name="test_actual_raster_preview_has_georeference_and_transparent_nodata" time="0.196" /><testcase classname="tests.test_outputs" name="test_geojson_result_bundle_contains_full_features_and_frozen_provenance" time="0.275" /><testcase classname="tests.test_outputs" name="test_infeasible_allocation_export_retains_unknown_selection" time="0.139" /><testcase classname="tests.test_planning_solver" name="test_exact_pareto_preserves_tradeoffs_without_choosing_a_best" time="0.001" /><testcase classname="tests.test_planning_solver" name="test_milp_and_independent_constraint_check" time="0.001" /><testcase classname="tests.test_planning_solver" name="test_infeasible_is_not_an_empty_success_or_a_repaired_constraint[single_objective]" time="0.000" /><testcase classname="tests.test_planning_solver" name="test_infeasible_is_not_an_empty_success_or_a_repaired_constraint[pareto_multiobjective]" time="0.000" /><testcase classname="tests.test_planning_solver" name="test_weighted_objectives_require_reviewed_scales_not_just_weights" time="0.001" /><testcase classname="tests.test_planning_solver" name="test_unknown_coefficients_and_unsupported_scale_are_not_silently_truncated" time="0.000" /><testcase classname="tests.test_planning_solver" name="test_cancel_and_identical_vectors_retain_distinct_spatial_alternatives" time="0.000" /><testcase classname="tests.test_planning_units" name="test_native_polygon_units_actual_area_artifacts_versions_and_no_draft_mutation" time="0.207" /><testcase classname="tests.test_planning_units" name="test_invalid_space_fails_without_publishing_or_partial_unit_set[overlap]" time="0.199" /><testcase classname="tests.test_planning_units" name="test_invalid_space_fails_without_publishing_or_partial_unit_set[invalid]" time="0.283" /><testcase classname="tests.test_planning_units" name="test_invalid_space_fails_without_publishing_or_partial_unit_set[mixed]" time="0.196" /><testcase classname="tests.test_planning_units" name="test_points_have_no_invented_area_and_csv_needs_actual_coordinates" time="0.280" /><testcase classname="tests.test_planning_units" name="test_version_reuse_permissions_and_source_scope" time="0.304" /><testcase classname="tests.test_planning_units" name="test_vector_download_and_view_feature_are_fixed_to_the_same_run" time="0.228" /><testcase classname="tests.test_planning_units" name="test_prepare_rejects_unapproved_hidden_parameters" time="0.309" /><testcase classname="tests.test_planning_units" name="test_preparation_budget_and_cancel_do_not_publish_partial_units" time="0.238" /><testcase classname="tests.test_planning_units" name="test_removing_vector_from_map_preserves_input_and_immutable_unit_version" time="0.196" /><testcase classname="tests.test_planning_versions" name="test_sets_exist_without_problem_and_freeze_versions" time="0.173" /><testcase classname="tests.test_planning_versions" name="test_required_etag_conflicts_and_permissions" time="0.277" /><testcase classname="tests.test_planning_versions" name="test_constraints_need_explicit_business_basis_and_decisions_have_own_contract" time="0.175" /><testcase classname="tests.test_planning_versions" name="test_apply_is_explicit_versioned_and_does_not_upgrade" time="0.181" /><testcase classname="tests.test_planning_versions" name="test_real_metric_and_constraint_compilation_respects_units_and_domains" time="0.000" /><testcase classname="tests.test_planning_versions" name="test_simultaneous_writers_cannot_lose_updates" time="0.385" /><testcase classname="tests.test_planning_versions" name="test_project_and_task_binding_guards" time="0.175" /><testcase classname="tests.test_planning_versions" name="test_pareto_does_not_require_or_ignore_weights" time="0.248" /><testcase classname="tests.test_planning_versions" name="test_new_planning_reports_engineering_gap_not_a_legacy_method_request" time="0.178" /><testcase classname="tests.test_planning_versions" name="test_binding_race_uses_same_412_contract" time="0.168" /><testcase classname="tests.test_preparation_steps" name="test_ndvi_from_actual_multiband_source_without_evaluation_method" time="0.219" /><testcase classname="tests.test_preparation_steps" name="test_alignment_uses_reference_grid_and_rejects_interpolated_categories" time="0.317" /><testcase classname="tests.test_process_service" name="test_discovery_official_schemas_and_actual_native_equivalence" time="0.319" /><testcase classname="tests.test_process_service" name="test_permission_preflight_failure_and_real_cancellation" time="0.588" /><testcase classname="tests.test_process_service" name="test_unimplemented_extensions_rejected_before_job_creation[change0]" time="0.293" /><testcase classname="tests.test_process_service" name="test_unimplemented_extensions_rejected_before_job_creation[change1]" time="0.229" /><testcase classname="tests.test_process_service" name="test_unimplemented_extensions_rejected_before_job_creation[change2]" time="0.238" /><testcase classname="tests.test_process_service" name="test_unimplemented_extensions_rejected_before_job_creation[change3]" time="0.278" /><testcase classname="tests.test_process_service" name="test_unimplemented_extensions_rejected_before_job_creation[change4]" time="0.216" /><testcase classname="tests.test_process_service" name="test_preflight_and_process_version_do_not_bypass_native_contract" time="0.203" /><testcase classname="tests.test_process_service" name="test_running_cancel_waits_for_worker_and_completion_race_preserves_result" time="0.293" /><testcase classname="tests.test_release_loading" name="test_explicit_isolated_frontend_build_is_respected_and_must_exist" time="0.002" /><testcase classname="tests.test_research_content_views" name="test_layer_preferences_are_bound_to_run_and_do_not_mutate_inputs" time="0.234" /><testcase classname="tests.test_research_content_views" name="test_run_lookup_paginates_filters_and_rechecks_project_permission" time="0.449" /><testcase classname="tests.test_research_workspace" name="test_workspace_context_is_private_persistent_and_browsing_never_binds" time="0.237" /><testcase classname="tests.test_research_workspace" name="test_method_application_explicit_fixed_and_conflict_safe" time="0.202" /><testcase classname="tests.test_research_workspace" name="test_processing_node_keeps_parent_draft_and_top_level_task_count" time="0.304" /><testcase classname="tests.test_result_statistics" name="test_count_adapter_preserves_the_frozen_result_and_unknown_statistics" time="0.000" /><testcase classname="tests.test_result_statistics" name="test_incomplete_or_inconsistent_statistics_are_not_silently_repaired[statistics0]" time="0.000" /><testcase classname="tests.test_result_statistics" name="test_incomplete_or_inconsistent_statistics_are_not_silently_repaired[statistics1]" time="0.000" /><testcase classname="tests.test_result_statistics" name="test_incomplete_or_inconsistent_statistics_are_not_silently_repaired[statistics2]" time="0.000" /><testcase classname="tests.test_result_statistics" name="test_incomplete_or_inconsistent_statistics_are_not_silently_repaired[statistics3]" time="0.000" /><testcase classname="tests.test_reuse" name="test_unapproved_template_does_not_auto_map" time="0.168" /><testcase classname="tests.test_reuse" name="test_new_bytes_reuse_knowledge_but_have_new_binding" time="0.179" /><testcase classname="tests.test_reuse" name="test_ambiguous_approved_templates_are_not_silently_picked" time="0.266" /><testcase classname="tests.test_reuse" name="test_mapping_conflict_preserves_both_file_and_declaration" time="0.180" /><testcase classname="tests.test_reuse" name="test_ordinary_upload_applies_approved_knowledge_atomically" time="0.173" /><testcase classname="tests.test_reuse" name="test_semantic_template_scope_does_not_spread_to_unrelated_data" time="0.175" /><testcase classname="tests.test_reuse" name="test_compatible_unit_adaptation_is_automatic_and_traceable" time="0.266" /><testcase classname="tests.test_reuse" name="test_semantic_edit_creates_new_unapproved_version_and_invalidates_binding" time="0.191" /><testcase classname="tests.test_reuse" name="test_partial_unit_knowledge_does_not_invent_concept_or_period" time="0.171" /><testcase classname="tests.test_reuse" name="test_source_year_is_hash_scoped_and_declaration_version_is_rechecked" time="0.267" /><testcase classname="tests.test_run_history" name="test_run_history_pages_actual_total_and_keeps_old_result" time="0.290" /><testcase classname="tests.test_run_history" name="test_viewer_reads_run_history_but_cannot_cancel" time="0.267" /><testcase classname="tests.test_science" name="test_cf_360_day_interval_mean_is_not_gregorian" time="0.292" /><testcase classname="tests.test_science" name="test_entity_collection_keeps_geometry_identity_and_properties" time="0.244" /><testcase classname="tests.test_science" name="test_entity_execution_uses_each_selected_layer_and_mapped_identity" time="0.236" /><testcase classname="tests.test_semantic_authoring" name="test_definition_reuses_new_batch_without_inheriting_response_or_year" time="0.292" /><testcase classname="tests.test_semantic_authoring" name="test_definition_rejects_invalid_or_ambiguous_science_atomically[unknown_unit]" time="0.182" /><testcase classname="tests.test_semantic_authoring" name="test_definition_rejects_invalid_or_ambiguous_science_atomically[invented_field]" time="0.183" /><testcase classname="tests.test_semantic_authoring" name="test_definition_rejects_invalid_or_ambiguous_science_atomically[conflicting_definitions]" time="0.271" /><testcase classname="tests.test_semantic_authoring" name="test_partial_unit_definition_files_only_never_invents_meaning" time="0.189" /><testcase classname="tests.test_source_revocation" name="test_source_revocation_stops_queued_curator_reads_and_preserves_assets[queued]" time="0.576" /><testcase classname="tests.test_source_revocation" name="test_source_revocation_stops_queued_curator_reads_and_preserves_assets[during_read]" time="0.446" /><testcase classname="tests.test_source_snapshots" name="test_source_queue_replays_without_task_and_original_changes_do_not_change_snapshot" time="0.354" /><testcase classname="tests.test_source_snapshots" name="test_group_source_snapshot_and_revocation_fail_closed" time="0.282" /><testcase classname="tests.test_source_snapshots" name="test_grant_revoked_at_actual_registration_prevents_csv_commit" time="0.361" /><testcase classname="tests.test_spatial_model" name="test_windowed_training_retains_physical_values_and_complete_denominator" time="0.004" /><testcase classname="tests.test_spatial_model" name="test_raster_identity_mismatch_is_rejected_without_resampling" time="0.002" /><testcase classname="tests.test_spatial_model" name="test_no_training_per_window_and_full_output_mask" time="0.002" /><testcase classname="tests.test_spatial_results" name="test_full_mask_result_descriptor_inspection_and_download" time="0.229" /><testcase classname="tests.test_spatial_results" name="test_unknown_location_only_blocks_georeferenced_analysis_not_source_read" time="0.187" /><testcase classname="tests.test_spatial_results" name="test_missing_or_mismatched_expected_output_cannot_publish" time="0.268" /><testcase classname="tests.test_spatial_results" name="test_start_from_selected_asset_is_saved_atomic_and_retryable" time="0.220" /><testcase classname="tests.test_spatial_results" name="test_result_view_is_private_persistent_and_does_not_change_frozen_run" time="0.289" /><testcase classname="tests.test_spatial_results" name="test_blank_spatial_task_has_explicit_default_tool_before_source_choice" time="0.265" /><testcase classname="tests.test_stage_products" name="test_ndvi_stage_is_managed_and_reused_without_mutating_original_draft" time="0.245" /><testcase classname="tests.test_stage_products" name="test_produced_indicator_flows_into_real_assessment_and_old_run_stays_fixed" time="0.288" /><testcase classname="tests.test_stage_products" name="test_independent_scoring_consumes_produced_indicator_with_actual_mask" time="0.363" /><testcase classname="tests.test_system_settings" name="test_settings_are_global_and_audit_uses_one_ledger" time="0.215" /><testcase classname="tests.test_system_settings" name="test_member_candidates_can_find_beyond_fifty_without_internal_ids" time="1.822" /><testcase classname="tests.test_task_catalog" name="test_two_hundred_tasks_search_sort_page_and_role_isolation" time="0.458" /><testcase classname="tests.test_task_views" name="test_task_view_is_persistent_private_and_independent_from_science" time="0.306" /><testcase classname="tests.test_temporal_adaptation" name="test_deterministic_file_choices_and_four_interval_methods[mean-mean-2-CF-1.10]" time="0.197" /><testcase classname="tests.test_temporal_adaptation" name="test_deterministic_file_choices_and_four_interval_methods[sum-sum-6-CF-1.12]" time="0.279" /><testcase classname="tests.test_temporal_adaptation" name="test_deterministic_file_choices_and_four_interval_methods[minimum-min-0-CF-1.12]" time="0.195" /><testcase classname="tests.test_temporal_adaptation" name="test_deterministic_file_choices_and_four_interval_methods[maximum-max-4-CF-1.12]" time="0.230" /><testcase classname="tests.test_temporal_adaptation" name="test_point_methods_require_recorded_assumption_and_keep_used_observations[interpolation-2022-01-01T12:00:00-options0-100]" time="0.323" /><testcase classname="tests.test_temporal_adaptation" name="test_point_methods_require_recorded_assumption_and_keep_used_observations[nearest-2022-01-02T18:00:00-options1-400]" time="0.197" /><testcase classname="tests.test_temporal_adaptation" name="test_only_dependent_preflight_is_blocked_without_enqueuing[point-options0-ADAPTATION_BASIS_REQUIRED]" time="0.213" /><testcase classname="tests.test_temporal_adaptation" name="test_only_dependent_preflight_is_blocked_without_enqueuing[point-options1-OUTSIDE_TIME_RANGE]" time="0.299" /><testcase classname="tests.test_temporal_adaptation" name="test_only_dependent_preflight_is_blocked_without_enqueuing[point-options2-NEAREST_TIE]" time="0.185" /><testcase classname="tests.test_temporal_adaptation" name="test_only_dependent_preflight_is_blocked_without_enqueuing[point-options3-NEAREST_TOLERANCE]" time="0.186" /><testcase classname="tests.test_temporal_adaptation" name="test_only_dependent_preflight_is_blocked_without_enqueuing[mean-options4-PARTIAL_INTERVAL]" time="0.298" /><testcase classname="tests.test_temporal_adaptation" name="test_only_dependent_preflight_is_blocked_without_enqueuing[sum-options5-PARTIAL_INTERVAL]" time="0.196" /><testcase classname="tests.test_temporal_adaptation" name="test_only_dependent_preflight_is_blocked_without_enqueuing[minimum-options6-PARTIAL_INTERVAL]" time="0.189" /><testcase classname="tests.test_temporal_adaptation" name="test_only_dependent_preflight_is_blocked_without_enqueuing[mean-options7-INCOMPLETE_TIME_COVERAGE]" time="0.282" /><testcase classname="tests.test_temporal_adaptation" name="test_unknown_and_multistep_semantics_never_become_automatic_mean" time="0.183" /><testcase classname="tests.test_temporal_adaptation" name="test_manual_mapping_cannot_contradict_file_science[unit-kg]" time="0.187" /><testcase classname="tests.test_temporal_adaptation" name="test_manual_mapping_cannot_contradict_file_science[concept-unrelated_indicator]" time="0.309" /><testcase classname="tests.test_temporal_adaptation" name="test_declared_cf_versions_use_actual_same_interval_semantics[CF-1.7]" time="0.212" /><testcase classname="tests.test_temporal_adaptation" name="test_declared_cf_versions_use_actual_same_interval_semantics[CF-1.8]" time="0.197" /><testcase classname="tests.test_temporal_adaptation" name="test_declared_cf_versions_use_actual_same_interval_semantics[CF-1.9]" time="0.290" /><testcase classname="tests.test_temporal_adaptation" name="test_declared_cf_versions_use_actual_same_interval_semantics[CF-1.11]" time="0.198" /><testcase classname="tests.test_temporal_adaptation" name="test_exact_point_needs_no_approximation_confirmation" time="0.196" /><testcase classname="tests.test_temporal_adaptation" name="test_malformed_scientific_sources_are_rejected_before_execution[masked_bounds-TIME_BOUNDS_INVALID]" time="0.280" /><testcase classname="tests.test_temporal_adaptation" name="test_malformed_scientific_sources_are_rejected_before_execution[masked_value-MISSING_OBSERVATION]" time="0.190" /><testcase classname="tests.test_temporal_adaptation" name="test_malformed_scientific_sources_are_rejected_before_execution[duplicate_axis-TIME_AXIS_INVALID]" time="0.187" /><testcase classname="tests.test_temporal_adaptation" name="test_malformed_scientific_sources_are_rejected_before_execution[future_version-CF_VERSION_UNSUPPORTED]" time="0.339" /><testcase classname="tests.test_upload_sessions" name="test_parts_replay_restart_and_finalize_preserve_exact_file" time="0.351" /><testcase classname="tests.test_upload_sessions" name="test_bad_chunk_bounds_hash_and_owner" time="0.374" /><testcase classname="tests.test_upload_sessions" name="test_invalid_file_failure_does_not_remove_other_successes" time="0.251" /><testcase classname="tests.test_upload_sessions" name="test_cancel_only_removes_owned_unfinished_parts" time="0.252" /><testcase classname="tests.test_upload_sessions" name="test_tampered_staging_is_never_registered" time="0.317" /><testcase classname="tests.test_upload_sessions" name="test_disk_budget_checked_before_accepting_upload" time="0.215" /><testcase classname="tests.test_v3_navigation_contracts" name="test_four_task_types_persist_without_starting_work[assessment-assessment]" time="0.142" /><testcase classname="tests.test_v3_navigation_contracts" name="test_four_task_types_persist_without_starting_work[simulation-simulation]" time="0.253" /><testcase classname="tests.test_v3_navigation_contracts" name="test_four_task_types_persist_without_starting_work[planning-optimization]" time="0.140" /><testcase classname="tests.test_v3_navigation_contracts" name="test_four_task_types_persist_without_starting_work[comparison-comparison]" time="0.143" /><testcase classname="tests.test_v3_navigation_contracts" name="test_indicator_library_reads_project_without_creating_a_task" time="0.152" /><testcase classname="tests.test_vector_view" name="test_all_parts_native_identity_paging_and_projection[GPKG]" time="0.316" /><testcase classname="tests.test_vector_view" name="test_all_parts_native_identity_paging_and_projection[ESRI Shapefile]" time="0.309" /><testcase classname="tests.test_vector_view" name="test_unknown_crs_preserves_attributes_without_guessing_location" time="0.179" /><testcase classname="tests.test_vector_view" name="test_bad_geojson_coordinates_and_duplicate_ids_are_not_guessed_or_merged" time="0.256" /><testcase classname="tests.test_vector_view" name="test_vector_routes_recheck_project_permission" time="0.247" /><testcase classname="tests.test_worker_recovery" name="test_cancelled_abandoned_lease_is_finalized_without_compute" time="0.188" /><testcase classname="tests.test_worker_recovery" name="test_expired_owner_cannot_overwrite_recovered_output" time="0.186" /><testcase classname="tests.test_workspace" name="test_server_acknowledged_draft_survives_new_process_and_browser" time="0.296" /><testcase classname="tests.test_workspace" name="test_conflicting_save_cannot_replace_newer_draft" time="0.148" /><testcase classname="tests.test_workspace" name="test_project_boundaries_and_csrf_are_enforced" time="0.293" /><testcase classname="tests.test_workspace" name="test_secret_fields_and_unbounded_values_do_not_enter_draft" time="0.258" /><testcase classname="tests.test_workspace" name="test_legacy_database_name_is_rejected" time="0.001" /></testsuite></testsuites>