{"meta": {"format": 3, "version": "7.16.1", "timestamp": "2026-09-21T15:37:57.885521", "branch_coverage": true, "show_contexts": false}, "files": {"src/coastmas/__init__.py": {"executed_lines": [], "summary": {"covered_lines": 0, "num_statements": 0, "percent_covered": 100.0, "percent_covered_display": "100", "missing_lines": 0, "excluded_lines": 0, "percent_statements_covered": 100.0, "percent_statements_covered_display": "100", "num_branches": 0, "num_partial_branches": 0, "covered_branches": 0, "missing_branches": 0, "percent_branches_covered": 100.0, "percent_branches_covered_display": "100"}, "missing_lines": [], "excluded_lines": [], "executed_branches": [], "missing_branches": [], "functions": {"": {"executed_lines": [], "summary": {"covered_lines": 0, "num_statements": 0, "percent_covered": 100.0, "percent_covered_display": "100", "missing_lines": 0, "excluded_lines": 0, "percent_statements_covered": 100.0, "percent_statements_covered_display": "100", "num_branches": 0, "num_partial_branches": 0, "covered_branches": 0, "missing_branches": 0, "percent_branches_covered": 100.0, "percent_branches_covered_display": "100"}, "missing_lines": [], "excluded_lines": [], "start_line": 1, "executed_branches": [], "missing_branches": []}}, "classes": {"": {"executed_lines": [], "summary": {"covered_lines": 0, "num_statements": 0, "percent_covered": 100.0, "percent_covered_display": "100", "missing_lines": 0, "excluded_lines": 0, "percent_statements_covered": 100.0, "percent_statements_covered_display": "100", "num_branches": 0, "num_partial_branches": 0, "covered_branches": 0, "missing_branches": 0, "percent_branches_covered": 100.0, "percent_branches_covered_display": "100"}, "missing_lines": [], "excluded_lines": [], "start_line": 1, "executed_branches": [], "missing_branches": []}}}, "src/coastmas/__main__.py": {"executed_lines": [], "summary": {"covered_lines": 0, "num_statements": 38, "percent_covered": 0.0, "percent_covered_display": "0", "missing_lines": 38, "excluded_lines": 0, "percent_statements_covered": 0.0, "percent_statements_covered_display": "0", "num_branches": 8, "num_partial_branches": 0, "covered_branches": 0, "missing_branches": 8, "percent_branches_covered": 0.0, "percent_branches_covered_display": "0"}, "missing_lines": [3, 4, 6, 7, 8, 10, 11, 23, 24, 25, 26, 27, 28, 30, 31, 32, 33, 34, 35, 36, 37, 38, 44, 45, 46, 47, 48, 50, 57, 59, 68, 73, 74, 76, 77, 78, 81, 82], "excluded_lines": [], "executed_branches": [], "missing_branches": [[27, 28], [27, 47], [47, 48], [47, 57], [73, 74], [73, 76], [81, -1], [81, 82]], "functions": {"main": {"executed_lines": [], "summary": {"covered_lines": 0, "num_statements": 28, "percent_covered": 0.0, "percent_covered_display": "0", "missing_lines": 28, "excluded_lines": 0, "percent_statements_covered": 0.0, "percent_statements_covered_display": "0", "num_branches": 6, "num_partial_branches": 0, "covered_branches": 0, "missing_branches": 6, "percent_branches_covered": 0.0, "percent_branches_covered_display": "0"}, "missing_lines": [24, 25, 26, 27, 28, 30, 31, 32, 33, 34, 35, 36, 37, 38, 44, 45, 46, 47, 48, 50, 57, 59, 68, 73, 74, 76, 77, 78], "excluded_lines": [], "start_line": 23, "executed_branches": [], "missing_branches": [[27, 28], [27, 47], [47, 48], [47, 57], [73, 74], [73, 76]]}, "": {"executed_lines": [], "summary": {"covered_lines": 0, "num_statements": 10, "percent_covered": 0.0, "percent_covered_display": "0", "missing_lines": 10, "excluded_lines": 0, "percent_statements_covered": 0.0, "percent_statements_covered_display": "0", "num_branches": 2, "num_partial_branches": 0, "covered_branches": 0, "missing_branches": 2, "percent_branches_covered": 0.0, "percent_branches_covered_display": "0"}, "missing_lines": [3, 4, 6, 7, 8, 10, 11, 23, 81, 82], "excluded_lines": [], "start_line": 1, "executed_branches": [], "missing_branches": [[81, -1], [81, 82]]}}, "classes": {"": {"executed_lines": [], "summary": {"covered_lines": 0, "num_statements": 38, "percent_covered": 0.0, "percent_covered_display": "0", "missing_lines": 38, "excluded_lines": 0, "percent_statements_covered": 0.0, "percent_statements_covered_display": "0", "num_branches": 8, "num_partial_branches": 0, "covered_branches": 0, "missing_branches": 8, "percent_branches_covered": 0.0, "percent_branches_covered_display": "0"}, "missing_lines": [3, 4, 6, 7, 8, 10, 11, 23, 24, 25, 26, 27, 28, 30, 31, 32, 33, 34, 35, 36, 37, 38, 44, 45, 46, 47, 48, 50, 57, 59, 68, 73, 74, 76, 77, 78, 81, 82], "excluded_lines": [], "start_line": 1, "executed_branches": [], "missing_branches": [[27, 28], [27, 47], [47, 48], [47, 57], [73, 74], [73, 76], [81, -1], [81, 82]]}}}, "src/coastmas/adapters/__init__.py": {"executed_lines": [], "summary": {"covered_lines": 0, "num_statements": 0, "percent_covered": 100.0, "percent_covered_display": "100", "missing_lines": 0, "excluded_lines": 0, "percent_statements_covered": 100.0, "percent_statements_covered_display": "100", "num_branches": 0, "num_partial_branches": 0, "covered_branches": 0, "missing_branches": 0, "percent_branches_covered": 100.0, "percent_branches_covered_display": "100"}, "missing_lines": [], "excluded_lines": [], "executed_branches": [], "missing_branches": [], "functions": {"": {"executed_lines": [], "summary": {"covered_lines": 0, "num_statements": 0, "percent_covered": 100.0, "percent_covered_display": "100", "missing_lines": 0, "excluded_lines": 0, "percent_statements_covered": 100.0, "percent_statements_covered_display": "100", "num_branches": 0, "num_partial_branches": 0, "covered_branches": 0, "missing_branches": 0, "percent_branches_covered": 100.0, "percent_branches_covered_display": "100"}, "missing_lines": [], "excluded_lines": [], "start_line": 1, "executed_branches": [], "missing_branches": []}}, "classes": {"": {"executed_lines": [], "summary": {"covered_lines": 0, "num_statements": 0, "percent_covered": 100.0, "percent_covered_display": "100", "missing_lines": 0, "excluded_lines": 0, "percent_statements_covered": 100.0, "percent_statements_covered_display": "100", "num_branches": 0, "num_partial_branches": 0, "covered_branches": 0, "missing_branches": 0, "percent_branches_covered": 100.0, "percent_branches_covered_display": "100"}, "missing_lines": [], "excluded_lines": [], "start_line": 1, "executed_branches": [], "missing_branches": []}}}, "src/coastmas/adapters/datasource.py": {"executed_lines": [8, 9, 10, 12, 13, 14, 15, 16, 17, 18, 20, 21, 22, 23, 24, 25, 26, 27, 29, 32, 33, 34, 36, 39, 40, 46, 47, 49, 50, 52, 55, 58, 60, 61, 62, 66, 67, 68, 69, 70, 72, 77, 78, 79, 88, 89, 90, 94, 95, 96, 97, 100, 102, 103, 104, 106, 107, 108, 112, 113, 117, 125, 129, 130, 131, 132, 133, 134, 135, 138, 139, 145, 146, 148, 149, 151, 152, 155, 156, 158, 159, 160, 162, 165, 170], "summary": {"covered_lines": 85, "num_statements": 105, "percent_covered": 75.1592356687898, "percent_covered_display": "75", "missing_lines": 20, "excluded_lines": 0, "percent_statements_covered": 80.95238095238095, "percent_statements_covered_display": "81", "num_branches": 52, "num_partial_branches": 17, "covered_branches": 33, "missing_branches": 19, "percent_branches_covered": 63.46153846153846, "percent_branches_covered_display": "63"}, "missing_lines": [48, 51, 59, 63, 71, 87, 91, 101, 105, 109, 110, 111, 114, 140, 147, 150, 157, 161, 171, 172], "excluded_lines": [], "executed_branches": [[40, 46], [40, 47], [47, 49], [50, 52], [58, 60], [62, 66], [66, 67], [66, 130], [70, 72], [72, 77], [72, 78], [79, 88], [88, 89], [88, 94], [90, 94], [96, 97], [100, 102], [104, 106], [106, 107], [106, 125], [108, 112], [113, 117], [130, 131], [132, 133], [132, 134], [134, 135], [134, 138], [146, 148], [149, 151], [156, 158], [159, 160], [159, 170], [160, 162]], "missing_branches": [[47, 48], [50, 51], [58, 59], [62, 63], [70, 71], [79, 87], [90, 91], [96, 100], [100, 101], [104, 105], [108, 109], [110, 111], [110, 112], [113, 114], [130, 140], [146, 147], [149, 150], [156, 157], [160, 161]], "functions": {"StoredDataResolver.__init__": {"executed_lines": [34], "summary": {"covered_lines": 1, "num_statements": 1, "percent_covered": 100.0, "percent_covered_display": "100", "missing_lines": 0, "excluded_lines": 0, "percent_statements_covered": 100.0, "percent_statements_covered_display": "100", "num_branches": 0, "num_partial_branches": 0, "covered_branches": 0, "missing_branches": 0, "percent_branches_covered": 100.0, "percent_branches_covered_display": "100"}, "missing_lines": [], "excluded_lines": [], "start_line": 33, "executed_branches": [], "missing_branches": []}, "StoredDataResolver.resolve": {"executed_lines": [39, 40, 46, 47, 49, 50, 52, 55, 58, 60, 61, 62, 66, 67, 68, 69, 70, 72, 77, 78, 79, 88, 89, 90, 94, 95, 96, 97, 100, 102, 103, 104, 106, 107, 108, 112, 113, 117, 125, 129, 130, 131, 132, 133, 134, 135, 138, 139], "summary": {"covered_lines": 48, "num_statements": 62, "percent_covered": 72.11538461538461, "percent_covered_display": "72", "missing_lines": 14, "excluded_lines": 0, "percent_statements_covered": 77.41935483870968, "percent_statements_covered_display": "77", "num_branches": 42, "num_partial_branches": 13, "covered_branches": 27, "missing_branches": 15, "percent_branches_covered": 64.28571428571429, "percent_branches_covered_display": "64"}, "missing_lines": [48, 51, 59, 63, 71, 87, 91, 101, 105, 109, 110, 111, 114, 140], "excluded_lines": [], "start_line": 36, "executed_branches": [[40, 46], [40, 47], [47, 49], [50, 52], [58, 60], [62, 66], [66, 67], [66, 130], [70, 72], [72, 77], [72, 78], [79, 88], [88, 89], [88, 94], [90, 94], [96, 97], [100, 102], [104, 106], [106, 107], [106, 125], [108, 112], [113, 117], [130, 131], [132, 133], [132, 134], [134, 135], [134, 138]], "missing_branches": [[47, 48], [50, 51], [58, 59], [62, 63], [70, 71], [79, 87], [90, 91], [96, 100], [100, 101], [104, 105], [108, 109], [110, 111], [110, 112], [113, 114], [130, 140]]}, "reproject_features": {"executed_lines": [146, 148, 149, 151, 152, 155, 156, 158, 159, 160, 162, 165, 170], "summary": {"covered_lines": 13, "num_statements": 19, "percent_covered": 65.51724137931035, "percent_covered_display": "66", "missing_lines": 6, "excluded_lines": 0, "percent_statements_covered": 68.42105263157895, "percent_statements_covered_display": "68", "num_branches": 10, "num_partial_branches": 4, "covered_branches": 6, "missing_branches": 4, "percent_branches_covered": 60.0, "percent_branches_covered_display": "60"}, "missing_lines": [147, 150, 157, 161, 171, 172], "excluded_lines": [], "start_line": 145, "executed_branches": [[146, 148], [149, 151], [156, 158], [159, 160], [159, 170], [160, 162]], "missing_branches": [[146, 147], [149, 150], [156, 157], [160, 161]]}, "": {"executed_lines": [8, 9, 10, 12, 13, 14, 15, 16, 17, 18, 20, 21, 22, 23, 24, 25, 26, 27, 29, 32, 33, 36, 145], "summary": {"covered_lines": 23, "num_statements": 23, "percent_covered": 100.0, "percent_covered_display": "100", "missing_lines": 0, "excluded_lines": 0, "percent_statements_covered": 100.0, "percent_statements_covered_display": "100", "num_branches": 0, "num_partial_branches": 0, "covered_branches": 0, "missing_branches": 0, "percent_branches_covered": 100.0, "percent_branches_covered_display": "100"}, "missing_lines": [], "excluded_lines": [], "start_line": 1, "executed_branches": [], "missing_branches": []}}, "classes": {"StoredDataResolver": {"executed_lines": [34, 39, 40, 46, 47, 49, 50, 52, 55, 58, 60, 61, 62, 66, 67, 68, 69, 70, 72, 77, 78, 79, 88, 89, 90, 94, 95, 96, 97, 100, 102, 103, 104, 106, 107, 108, 112, 113, 117, 125, 129, 130, 131, 132, 133, 134, 135, 138, 139], "summary": {"covered_lines": 49, "num_statements": 63, "percent_covered": 72.38095238095238, "percent_covered_display": "72", "missing_lines": 14, "excluded_lines": 0, "percent_statements_covered": 77.77777777777777, "percent_statements_covered_display": "78", "num_branches": 42, "num_partial_branches": 13, "covered_branches": 27, "missing_branches": 15, "percent_branches_covered": 64.28571428571429, "percent_branches_covered_display": "64"}, "missing_lines": [48, 51, 59, 63, 71, 87, 91, 101, 105, 109, 110, 111, 114, 140], "excluded_lines": [], "start_line": 32, "executed_branches": [[40, 46], [40, 47], [47, 49], [50, 52], [58, 60], [62, 66], [66, 67], [66, 130], [70, 72], [72, 77], [72, 78], [79, 88], [88, 89], [88, 94], [90, 94], [96, 97], [100, 102], [104, 106], [106, 107], [106, 125], [108, 112], [113, 117], [130, 131], [132, 133], [132, 134], [134, 135], [134, 138]], "missing_branches": [[47, 48], [50, 51], [58, 59], [62, 63], [70, 71], [79, 87], [90, 91], [96, 100], [100, 101], [104, 105], [108, 109], [110, 111], [110, 112], [113, 114], [130, 140]]}, "": {"executed_lines": [8, 9, 10, 12, 13, 14, 15, 16, 17, 18, 20, 21, 22, 23, 24, 25, 26, 27, 29, 32, 33, 36, 145, 146, 148, 149, 151, 152, 155, 156, 158, 159, 160, 162, 165, 170], "summary": {"covered_lines": 36, "num_statements": 42, "percent_covered": 80.76923076923077, "percent_covered_display": "81", "missing_lines": 6, "excluded_lines": 0, "percent_statements_covered": 85.71428571428571, "percent_statements_covered_display": "86", "num_branches": 10, "num_partial_branches": 4, "covered_branches": 6, "missing_branches": 4, "percent_branches_covered": 60.0, "percent_branches_covered_display": "60"}, "missing_lines": [147, 150, 157, 161, 171, 172], "excluded_lines": [], "start_line": 1, "executed_branches": [[146, 148], [149, 151], [156, 158], [159, 160], [159, 170], [160, 162]], "missing_branches": [[146, 147], [149, 150], [156, 157], [160, 161]]}}}, "src/coastmas/adapters/docker.py": {"executed_lines": [9, 10, 11, 12, 13, 14, 15, 16, 17, 18, 20, 21, 24, 25, 26, 27, 28, 29, 30, 33, 34, 42, 44, 45, 46, 47, 51, 58, 59, 60, 61, 63, 65, 66, 71, 72, 73, 74, 76, 77, 79, 80, 81, 82, 84, 121, 122, 123, 124, 131, 135, 136, 138, 141, 142, 147, 148, 159], "summary": {"covered_lines": 58, "num_statements": 69, "percent_covered": 79.3103448275862, "percent_covered_display": "79", "missing_lines": 11, "excluded_lines": 0, "percent_statements_covered": 84.05797101449275, "percent_statements_covered_display": "84", "num_branches": 18, "num_partial_branches": 7, "covered_branches": 11, "missing_branches": 7, "percent_branches_covered": 61.111111111111114, "percent_branches_covered_display": "61"}, "missing_lines": [43, 48, 57, 62, 83, 132, 137, 143, 155, 156, 160], "excluded_lines": [], "executed_branches": [[42, 44], [44, 45], [44, 58], [45, 46], [45, 47], [47, 51], [51, 44], [61, 63], [82, 84], [131, 135], [136, 138]], "missing_branches": [[42, 43], [47, 48], [51, 57], [61, 62], [82, 83], [131, 132], [136, 137]], "functions": {"DockerAdapter.__init__": {"executed_lines": [42, 44, 45, 46, 47, 51, 58, 59, 60, 61, 63], "summary": {"covered_lines": 11, "num_statements": 15, "percent_covered": 70.37037037037037, "percent_covered_display": "70", "missing_lines": 4, "excluded_lines": 0, "percent_statements_covered": 73.33333333333333, "percent_statements_covered_display": "73", "num_branches": 12, "num_partial_branches": 4, "covered_branches": 8, "missing_branches": 4, "percent_branches_covered": 66.66666666666667, "percent_branches_covered_display": "67"}, "missing_lines": [43, 48, 57, 62], "excluded_lines": [], "start_line": 34, "executed_branches": [[42, 44], [44, 45], [44, 58], [45, 46], [45, 47], [47, 51], [51, 44], [61, 63]], "missing_branches": [[42, 43], [47, 48], [51, 57], [61, 62]]}, "DockerAdapter.name": {"executed_lines": [66], "summary": {"covered_lines": 1, "num_statements": 1, "percent_covered": 100.0, "percent_covered_display": "100", "missing_lines": 0, "excluded_lines": 0, "percent_statements_covered": 100.0, "percent_statements_covered_display": "100", "num_branches": 0, "num_partial_branches": 0, "covered_branches": 0, "missing_branches": 0, "percent_branches_covered": 100.0, "percent_branches_covered_display": "100"}, "missing_lines": [], "excluded_lines": [], "start_line": 65, "executed_branches": [], "missing_branches": []}, "DockerAdapter.prepare": {"executed_lines": [72, 73, 74], "summary": {"covered_lines": 3, "num_statements": 3, "percent_covered": 100.0, "percent_covered_display": "100", "missing_lines": 0, "excluded_lines": 0, "percent_statements_covered": 100.0, "percent_statements_covered_display": "100", "num_branches": 0, "num_partial_branches": 0, "covered_branches": 0, "missing_branches": 0, "percent_branches_covered": 100.0, "percent_branches_covered_display": "100"}, "missing_lines": [], "excluded_lines": [], "start_line": 71, "executed_branches": [], "missing_branches": []}, "DockerAdapter.arguments": {"executed_lines": [77], "summary": {"covered_lines": 1, "num_statements": 1, "percent_covered": 100.0, "percent_covered_display": "100", "missing_lines": 0, "excluded_lines": 0, "percent_statements_covered": 100.0, "percent_statements_covered_display": "100", "num_branches": 0, "num_partial_branches": 0, "covered_branches": 0, "missing_branches": 0, "percent_branches_covered": 100.0, "percent_branches_covered_display": "100"}, "missing_lines": [], "excluded_lines": [], "start_line": 76, "executed_branches": [], "missing_branches": []}, "DockerAdapter.execute": {"executed_lines": [80, 81, 82, 84, 121, 122, 123, 124, 131, 135, 136, 138, 141, 142, 147, 148, 159], "summary": {"covered_lines": 17, "num_statements": 24, "percent_covered": 66.66666666666667, "percent_covered_display": "67", "missing_lines": 7, "excluded_lines": 0, "percent_statements_covered": 70.83333333333333, "percent_statements_covered_display": "71", "num_branches": 6, "num_partial_branches": 3, "covered_branches": 3, "missing_branches": 3, "percent_branches_covered": 50.0, "percent_branches_covered_display": "50"}, "missing_lines": [83, 132, 137, 143, 155, 156, 160], "excluded_lines": [], "start_line": 79, "executed_branches": [[82, 84], [131, 135], [136, 138]], "missing_branches": [[82, 83], [131, 132], [136, 137]]}, "": {"executed_lines": [9, 10, 11, 12, 13, 14, 15, 16, 17, 18, 20, 21, 24, 25, 26, 27, 28, 29, 30, 33, 34, 65, 71, 76, 79], "summary": {"covered_lines": 25, "num_statements": 25, "percent_covered": 100.0, "percent_covered_display": "100", "missing_lines": 0, "excluded_lines": 0, "percent_statements_covered": 100.0, "percent_statements_covered_display": "100", "num_branches": 0, "num_partial_branches": 0, "covered_branches": 0, "missing_branches": 0, "percent_branches_covered": 100.0, "percent_branches_covered_display": "100"}, "missing_lines": [], "excluded_lines": [], "start_line": 1, "executed_branches": [], "missing_branches": []}}, "classes": {"ContainerModel": {"executed_lines": [], "summary": {"covered_lines": 0, "num_statements": 0, "percent_covered": 100.0, "percent_covered_display": "100", "missing_lines": 0, "excluded_lines": 0, "percent_statements_covered": 100.0, "percent_statements_covered_display": "100", "num_branches": 0, "num_partial_branches": 0, "covered_branches": 0, "missing_branches": 0, "percent_branches_covered": 100.0, "percent_branches_covered_display": "100"}, "missing_lines": [], "excluded_lines": [], "start_line": 25, "executed_branches": [], "missing_branches": []}, "DockerAdapter": {"executed_lines": [42, 44, 45, 46, 47, 51, 58, 59, 60, 61, 63, 66, 72, 73, 74, 77, 80, 81, 82, 84, 121, 122, 123, 124, 131, 135, 136, 138, 141, 142, 147, 148, 159], "summary": {"covered_lines": 33, "num_statements": 44, "percent_covered": 70.96774193548387, "percent_covered_display": "71", "missing_lines": 11, "excluded_lines": 0, "percent_statements_covered": 75.0, "percent_statements_covered_display": "75", "num_branches": 18, "num_partial_branches": 7, "covered_branches": 11, "missing_branches": 7, "percent_branches_covered": 61.111111111111114, "percent_branches_covered_display": "61"}, "missing_lines": [43, 48, 57, 62, 83, 132, 137, 143, 155, 156, 160], "excluded_lines": [], "start_line": 33, "executed_branches": [[42, 44], [44, 45], [44, 58], [45, 46], [45, 47], [47, 51], [51, 44], [61, 63], [82, 84], [131, 135], [136, 138]], "missing_branches": [[42, 43], [47, 48], [51, 57], [61, 62], [82, 83], [131, 132], [136, 137]]}, "": {"executed_lines": [9, 10, 11, 12, 13, 14, 15, 16, 17, 18, 20, 21, 24, 25, 26, 27, 28, 29, 30, 33, 34, 65, 71, 76, 79], "summary": {"covered_lines": 25, "num_statements": 25, "percent_covered": 100.0, "percent_covered_display": "100", "missing_lines": 0, "excluded_lines": 0, "percent_statements_covered": 100.0, "percent_statements_covered_display": "100", "num_branches": 0, "num_partial_branches": 0, "covered_branches": 0, "missing_branches": 0, "percent_branches_covered": 100.0, "percent_branches_covered_display": "100"}, "missing_lines": [], "excluded_lines": [], "start_line": 1, "executed_branches": [], "missing_branches": []}}}, "src/coastmas/adapters/geofiles.py": {"executed_lines": [9, 10, 11, 13, 14, 15, 16, 19, 20, 21, 22, 24, 25, 28, 29, 30, 31, 32, 33, 34, 36, 37, 38, 39, 43, 44, 46, 47, 50, 51, 52, 54, 55, 56, 57, 58, 59, 60, 62, 65, 66, 67, 78, 79, 80, 83, 86, 88, 89, 90, 91, 92, 94, 95, 96, 98, 99, 100, 102, 105, 112, 116, 126, 127, 128, 131, 132, 134, 136, 139, 140, 141, 142, 149, 151, 152, 153, 154, 169], "summary": {"covered_lines": 79, "num_statements": 93, "percent_covered": 81.88976377952756, "percent_covered_display": "82", "missing_lines": 14, "excluded_lines": 0, "percent_statements_covered": 84.94623655913979, "percent_statements_covered_display": "85", "num_branches": 34, "num_partial_branches": 9, "covered_branches": 25, "missing_branches": 9, "percent_branches_covered": 73.52941176470588, "percent_branches_covered_display": "74"}, "missing_lines": [45, 48, 49, 61, 87, 93, 97, 101, 113, 133, 148, 150, 167, 168], "excluded_lines": [], "executed_branches": [[37, 38], [37, 39], [39, 43], [39, 44], [44, 46], [57, 58], [57, 59], [60, 62], [86, 88], [88, 89], [88, 90], [92, 94], [94, 95], [94, 96], [96, 98], [100, 102], [126, 127], [126, 140], [127, 128], [127, 131], [132, 134], [140, 141], [140, 142], [142, 149], [149, 151]], "missing_branches": [[44, 45], [60, 61], [86, 87], [92, 93], [96, 97], [100, 101], [132, 133], [142, 148], [149, 150]], "functions": {"Grid.__post_init__": {"executed_lines": [37, 38, 39, 43, 44, 46, 47, 50, 51, 52], "summary": {"covered_lines": 10, "num_statements": 13, "percent_covered": 78.94736842105263, "percent_covered_display": "79", "missing_lines": 3, "excluded_lines": 0, "percent_statements_covered": 76.92307692307692, "percent_statements_covered_display": "77", "num_branches": 6, "num_partial_branches": 1, "covered_branches": 5, "missing_branches": 1, "percent_branches_covered": 83.33333333333333, "percent_branches_covered_display": "83"}, "missing_lines": [45, 48, 49], "excluded_lines": [], "start_line": 36, "executed_branches": [[37, 38], [37, 39], [39, 43], [39, 44], [44, 46]], "missing_branches": [[44, 45]]}, "Grid.cell_area_m2": {"executed_lines": [56, 57, 58, 59, 60, 62], "summary": {"covered_lines": 6, "num_statements": 7, "percent_covered": 81.81818181818181, "percent_covered_display": "82", "missing_lines": 1, "excluded_lines": 0, "percent_statements_covered": 85.71428571428571, "percent_statements_covered_display": "86", "num_branches": 4, "num_partial_branches": 1, "covered_branches": 3, "missing_branches": 1, "percent_branches_covered": 75.0, "percent_branches_covered_display": "75"}, "missing_lines": [61], "excluded_lines": [], "start_line": 55, "executed_branches": [[57, 58], [57, 59], [60, 62]], "missing_branches": [[60, 61]]}, "encode_geotiff": {"executed_lines": [66, 67, 78, 79, 80], "summary": {"covered_lines": 5, "num_statements": 5, "percent_covered": 100.0, "percent_covered_display": "100", "missing_lines": 0, "excluded_lines": 0, "percent_statements_covered": 100.0, "percent_statements_covered_display": "100", "num_branches": 0, "num_partial_branches": 0, "covered_branches": 0, "missing_branches": 0, "percent_branches_covered": 100.0, "percent_branches_covered_display": "100"}, "missing_lines": [], "excluded_lines": [], "start_line": 65, "executed_branches": [], "missing_branches": []}, "decode_geotiff": {"executed_lines": [86, 88, 89, 90, 91, 92, 94, 95, 96, 98, 99, 100, 102, 105, 112], "summary": {"covered_lines": 15, "num_statements": 20, "percent_covered": 71.875, "percent_covered_display": "72", "missing_lines": 5, "excluded_lines": 0, "percent_statements_covered": 75.0, "percent_statements_covered_display": "75", "num_branches": 12, "num_partial_branches": 4, "covered_branches": 8, "missing_branches": 4, "percent_branches_covered": 66.66666666666667, "percent_branches_covered_display": "67"}, "missing_lines": [87, 93, 97, 101, 113], "excluded_lines": [], "start_line": 83, "executed_branches": [[86, 88], [88, 89], [88, 90], [92, 94], [94, 95], [94, 96], [96, 98], [100, 102]], "missing_branches": [[86, 87], [92, 93], [96, 97], [100, 101]]}, "resample_grid": {"executed_lines": [126, 127, 128, 131, 132, 134, 136, 139, 140, 141, 142, 149, 151, 152, 153, 154, 169], "summary": {"covered_lines": 17, "num_statements": 22, "percent_covered": 76.47058823529412, "percent_covered_display": "76", "missing_lines": 5, "excluded_lines": 0, "percent_statements_covered": 77.27272727272727, "percent_statements_covered_display": "77", "num_branches": 12, "num_partial_branches": 3, "covered_branches": 9, "missing_branches": 3, "percent_branches_covered": 75.0, "percent_branches_covered_display": "75"}, "missing_lines": [133, 148, 150, 167, 168], "excluded_lines": [], "start_line": 116, "executed_branches": [[126, 127], [126, 140], [127, 128], [127, 131], [132, 134], [140, 141], [140, 142], [142, 149], [149, 151]], "missing_branches": [[132, 133], [142, 148], [149, 150]]}, "": {"executed_lines": [9, 10, 11, 13, 14, 15, 16, 19, 20, 21, 22, 24, 25, 28, 29, 30, 31, 32, 33, 34, 36, 54, 55, 65, 83, 116], "summary": {"covered_lines": 26, "num_statements": 26, "percent_covered": 100.0, "percent_covered_display": "100", "missing_lines": 0, "excluded_lines": 0, "percent_statements_covered": 100.0, "percent_statements_covered_display": "100", "num_branches": 0, "num_partial_branches": 0, "covered_branches": 0, "missing_branches": 0, "percent_branches_covered": 100.0, "percent_branches_covered_display": "100"}, "missing_lines": [], "excluded_lines": [], "start_line": 1, "executed_branches": [], "missing_branches": []}}, "classes": {"Grid": {"executed_lines": [37, 38, 39, 43, 44, 46, 47, 50, 51, 52, 56, 57, 58, 59, 60, 62], "summary": {"covered_lines": 16, "num_statements": 20, "percent_covered": 80.0, "percent_covered_display": "80", "missing_lines": 4, "excluded_lines": 0, "percent_statements_covered": 80.0, "percent_statements_covered_display": "80", "num_branches": 10, "num_partial_branches": 2, "covered_branches": 8, "missing_branches": 2, "percent_branches_covered": 80.0, "percent_branches_covered_display": "80"}, "missing_lines": [45, 48, 49, 61], "excluded_lines": [], "start_line": 29, "executed_branches": [[37, 38], [37, 39], [39, 43], [39, 44], [44, 46], [57, 58], [57, 59], [60, 62]], "missing_branches": [[44, 45], [60, 61]]}, "": {"executed_lines": [9, 10, 11, 13, 14, 15, 16, 19, 20, 21, 22, 24, 25, 28, 29, 30, 31, 32, 33, 34, 36, 54, 55, 65, 66, 67, 78, 79, 80, 83, 86, 88, 89, 90, 91, 92, 94, 95, 96, 98, 99, 100, 102, 105, 112, 116, 126, 127, 128, 131, 132, 134, 136, 139, 140, 141, 142, 149, 151, 152, 153, 154, 169], "summary": {"covered_lines": 63, "num_statements": 73, "percent_covered": 82.47422680412372, "percent_covered_display": "82", "missing_lines": 10, "excluded_lines": 0, "percent_statements_covered": 86.3013698630137, "percent_statements_covered_display": "86", "num_branches": 24, "num_partial_branches": 7, "covered_branches": 17, "missing_branches": 7, "percent_branches_covered": 70.83333333333333, "percent_branches_covered_display": "71"}, "missing_lines": [87, 93, 97, 101, 113, 133, 148, 150, 167, 168], "excluded_lines": [], "start_line": 1, "executed_branches": [[86, 88], [88, 89], [88, 90], [92, 94], [94, 95], [94, 96], [96, 98], [100, 102], [126, 127], [126, 140], [127, 128], [127, 131], [132, 134], [140, 141], [140, 142], [142, 149], [149, 151]], "missing_branches": [[86, 87], [92, 93], [96, 97], [100, 101], [132, 133], [142, 148], [149, 150]]}}}, "src/coastmas/adapters/gis.py": {"executed_lines": [9, 10, 11, 12, 13, 15, 16, 17, 18, 19, 20, 21, 22, 24, 25, 26, 27, 28, 29, 31, 34, 35, 38, 39, 40, 41, 42, 43, 45, 46, 55, 56, 70, 71, 72, 73, 76, 79, 81, 82, 87, 90, 91, 92, 95, 96, 98, 99, 100, 102, 103, 113, 114, 115, 116, 117, 120, 121, 123, 124, 132, 135, 136, 139, 140, 143, 146, 147, 148, 149, 150, 152, 153, 159, 164, 165, 166, 167, 169, 170, 171, 173, 176, 177, 178, 181, 182, 185, 186, 187, 188, 189, 190, 191, 192, 194, 204, 209, 210, 211, 212, 213, 218, 221, 223, 224, 225, 227, 228, 229, 230, 231, 232, 233, 234, 235, 247, 248, 249, 250, 255, 256, 266, 271, 272, 273, 283], "summary": {"covered_lines": 127, "num_statements": 139, "percent_covered": 84.97109826589596, "percent_covered_display": "85", "missing_lines": 12, "excluded_lines": 0, "percent_statements_covered": 91.36690647482014, "percent_statements_covered_display": "91", "num_branches": 34, "num_partial_branches": 12, "covered_branches": 20, "missing_branches": 14, "percent_branches_covered": 58.8235294117647, "percent_branches_covered_display": "59"}, "missing_lines": [80, 97, 101, 122, 151, 172, 193, 222, 226, 251, 252, 254], "excluded_lines": [], "executed_branches": [[79, 81], [96, 98], [100, 102], [121, 123], [150, 152], [171, 173], [189, 190], [189, 191], [192, 194], [221, 223], [225, 227], [230, 231], [230, 247], [231, 232], [231, 266], [232, 231], [232, 233], [234, 235], [249, 250], [255, 256]], "missing_branches": [[79, 80], [96, 97], [100, 101], [121, 122], [150, 151], [171, 172], [192, 193], [221, 222], [225, 226], [234, 232], [249, 251], [251, 252], [251, 254], [255, 266]], "functions": {"GridPayload.grid": {"executed_lines": [46], "summary": {"covered_lines": 1, "num_statements": 1, "percent_covered": 100.0, "percent_covered_display": "100", "missing_lines": 0, "excluded_lines": 0, "percent_statements_covered": 100.0, "percent_statements_covered_display": "100", "num_branches": 0, "num_partial_branches": 0, "covered_branches": 0, "missing_branches": 0, "percent_branches_covered": 100.0, "percent_branches_covered_display": "100"}, "missing_lines": [], "excluded_lines": [], "start_line": 45, "executed_branches": [], "missing_branches": []}, "grid_json": {"executed_lines": [56], "summary": {"covered_lines": 1, "num_statements": 1, "percent_covered": 100.0, "percent_covered_display": "100", "missing_lines": 0, "excluded_lines": 0, "percent_statements_covered": 100.0, "percent_statements_covered_display": "100", "num_branches": 0, "num_partial_branches": 0, "covered_branches": 0, "missing_branches": 0, "percent_branches_covered": 100.0, "percent_branches_covered_display": "100"}, "missing_lines": [], "excluded_lines": [], "start_line": 55, "executed_branches": [], "missing_branches": []}, "calculate": {"executed_lines": [79, 81, 82, 87], "summary": {"covered_lines": 4, "num_statements": 5, "percent_covered": 71.42857142857143, "percent_covered_display": "71", "missing_lines": 1, "excluded_lines": 0, "percent_statements_covered": 80.0, "percent_statements_covered_display": "80", "num_branches": 2, "num_partial_branches": 1, "covered_branches": 1, "missing_branches": 1, "percent_branches_covered": 50.0, "percent_branches_covered_display": "50"}, "missing_lines": [80], "excluded_lines": [], "start_line": 76, "executed_branches": [[79, 81]], "missing_branches": [[79, 80]]}, "zones": {"executed_lines": [96, 98, 99, 100, 102, 103], "summary": {"covered_lines": 6, "num_statements": 8, "percent_covered": 66.66666666666667, "percent_covered_display": "67", "missing_lines": 2, "excluded_lines": 0, "percent_statements_covered": 75.0, "percent_statements_covered_display": "75", "num_branches": 4, "num_partial_branches": 2, "covered_branches": 2, "missing_branches": 2, "percent_branches_covered": 50.0, "percent_branches_covered_display": "50"}, "missing_lines": [97, 101], "excluded_lines": [], "start_line": 95, "executed_branches": [[96, 98], [100, 102]], "missing_branches": [[96, 97], [100, 101]]}, "regrid": {"executed_lines": [121, 123, 124, 132], "summary": {"covered_lines": 4, "num_statements": 5, "percent_covered": 71.42857142857143, "percent_covered_display": "71", "missing_lines": 1, "excluded_lines": 0, "percent_statements_covered": 80.0, "percent_statements_covered_display": "80", "num_branches": 2, "num_partial_branches": 1, "covered_branches": 1, "missing_branches": 1, "percent_branches_covered": 50.0, "percent_branches_covered_display": "50"}, "missing_lines": [122], "excluded_lines": [], "start_line": 120, "executed_branches": [[121, 123]], "missing_branches": [[121, 122]]}, "polygonize": {"executed_lines": [146, 147, 148, 149, 150, 152, 153, 159], "summary": {"covered_lines": 8, "num_statements": 9, "percent_covered": 81.81818181818181, "percent_covered_display": "82", "missing_lines": 1, "excluded_lines": 0, "percent_statements_covered": 88.88888888888889, "percent_statements_covered_display": "89", "num_branches": 2, "num_partial_branches": 1, "covered_branches": 1, "missing_branches": 1, "percent_branches_covered": 50.0, "percent_branches_covered_display": "50"}, "missing_lines": [151], "excluded_lines": [], "start_line": 143, "executed_branches": [[150, 152]], "missing_branches": [[150, 151]]}, "Feature.geometry_object": {"executed_lines": [170, 171, 173], "summary": {"covered_lines": 3, "num_statements": 4, "percent_covered": 66.66666666666667, "percent_covered_display": "67", "missing_lines": 1, "excluded_lines": 0, "percent_statements_covered": 75.0, "percent_statements_covered_display": "75", "num_branches": 2, "num_partial_branches": 1, "covered_branches": 1, "missing_branches": 1, "percent_branches_covered": 50.0, "percent_branches_covered_display": "50"}, "missing_lines": [172], "excluded_lines": [], "start_line": 169, "executed_branches": [[171, 173]], "missing_branches": [[171, 172]]}, "buffer": {"executed_lines": [186, 187, 188, 189, 190, 191, 192, 194, 204], "summary": {"covered_lines": 9, "num_statements": 10, "percent_covered": 85.71428571428571, "percent_covered_display": "86", "missing_lines": 1, "excluded_lines": 0, "percent_statements_covered": 90.0, "percent_statements_covered_display": "90", "num_branches": 4, "num_partial_branches": 1, "covered_branches": 3, "missing_branches": 1, "percent_branches_covered": 75.0, "percent_branches_covered_display": "75"}, "missing_lines": [193], "excluded_lines": [], "start_line": 185, "executed_branches": [[189, 190], [189, 191], [192, 194]], "missing_branches": [[192, 193]]}, "overlay": {"executed_lines": [221, 223, 224, 225, 227, 228, 229, 230, 231, 232, 233, 234, 235, 247, 248, 249, 250, 255, 256, 266], "summary": {"covered_lines": 20, "num_statements": 25, "percent_covered": 72.09302325581395, "percent_covered_display": "72", "missing_lines": 5, "excluded_lines": 0, "percent_statements_covered": 80.0, "percent_statements_covered_display": "80", "num_branches": 18, "num_partial_branches": 5, "covered_branches": 11, "missing_branches": 7, "percent_branches_covered": 61.111111111111114, "percent_branches_covered_display": "61"}, "missing_lines": [222, 226, 251, 252, 254], "excluded_lines": [], "start_line": 218, "executed_branches": [[221, 223], [225, 227], [230, 231], [230, 247], [231, 232], [231, 266], [232, 231], [232, 233], [234, 235], [249, 250], [255, 256]], "missing_branches": [[221, 222], [225, 226], [234, 232], [249, 251], [251, 252], [251, 254], [255, 266]]}, "RasterGISAdapter.__init__": {"executed_lines": [273, 283], "summary": {"covered_lines": 2, "num_statements": 2, "percent_covered": 100.0, "percent_covered_display": "100", "missing_lines": 0, "excluded_lines": 0, "percent_statements_covered": 100.0, "percent_statements_covered_display": "100", "num_branches": 0, "num_partial_branches": 0, "covered_branches": 0, "missing_branches": 0, "percent_branches_covered": 100.0, "percent_branches_covered_display": "100"}, "missing_lines": [], "excluded_lines": [], "start_line": 272, "executed_branches": [], "missing_branches": []}, "": {"executed_lines": [9, 10, 11, 12, 13, 15, 16, 17, 18, 19, 20, 21, 22, 24, 25, 26, 27, 28, 29, 31, 34, 35, 38, 39, 40, 41, 42, 43, 45, 55, 70, 71, 72, 73, 76, 90, 91, 92, 95, 113, 114, 115, 116, 117, 120, 135, 136, 139, 140, 143, 164, 165, 166, 167, 169, 176, 177, 178, 181, 182, 185, 209, 210, 211, 212, 213, 218, 271, 272], "summary": {"covered_lines": 69, "num_statements": 69, "percent_covered": 100.0, "percent_covered_display": "100", "missing_lines": 0, "excluded_lines": 0, "percent_statements_covered": 100.0, "percent_statements_covered_display": "100", "num_branches": 0, "num_partial_branches": 0, "covered_branches": 0, "missing_branches": 0, "percent_branches_covered": 100.0, "percent_branches_covered_display": "100"}, "missing_lines": [], "excluded_lines": [], "start_line": 1, "executed_branches": [], "missing_branches": []}}, "classes": {"Input": {"executed_lines": [], "summary": {"covered_lines": 0, "num_statements": 0, "percent_covered": 100.0, "percent_covered_display": "100", "missing_lines": 0, "excluded_lines": 0, "percent_statements_covered": 100.0, "percent_statements_covered_display": "100", "num_branches": 0, "num_partial_branches": 0, "covered_branches": 0, "missing_branches": 0, "percent_branches_covered": 100.0, "percent_branches_covered_display": "100"}, "missing_lines": [], "excluded_lines": [], "start_line": 34, "executed_branches": [], "missing_branches": []}, "GridPayload": {"executed_lines": [46], "summary": {"covered_lines": 1, "num_statements": 1, "percent_covered": 100.0, "percent_covered_display": "100", "missing_lines": 0, "excluded_lines": 0, "percent_statements_covered": 100.0, "percent_statements_covered_display": "100", "num_branches": 0, "num_partial_branches": 0, "covered_branches": 0, "missing_branches": 0, "percent_branches_covered": 100.0, "percent_branches_covered_display": "100"}, "missing_lines": [], "excluded_lines": [], "start_line": 38, "executed_branches": [], "missing_branches": []}, "CalculatorInput": {"executed_lines": [], "summary": {"covered_lines": 0, "num_statements": 0, "percent_covered": 100.0, "percent_covered_display": "100", "missing_lines": 0, "excluded_lines": 0, "percent_statements_covered": 100.0, "percent_statements_covered_display": "100", "num_branches": 0, "num_partial_branches": 0, "covered_branches": 0, "missing_branches": 0, "percent_branches_covered": 100.0, "percent_branches_covered_display": "100"}, "missing_lines": [], "excluded_lines": [], "start_line": 70, "executed_branches": [], "missing_branches": []}, "ZonalInput": {"executed_lines": [], "summary": {"covered_lines": 0, "num_statements": 0, "percent_covered": 100.0, "percent_covered_display": "100", "missing_lines": 0, "excluded_lines": 0, "percent_statements_covered": 100.0, "percent_statements_covered_display": "100", "num_branches": 0, "num_partial_branches": 0, "covered_branches": 0, "missing_branches": 0, "percent_branches_covered": 100.0, "percent_branches_covered_display": "100"}, "missing_lines": [], "excluded_lines": [], "start_line": 90, "executed_branches": [], "missing_branches": []}, "RegridInput": {"executed_lines": [], "summary": {"covered_lines": 0, "num_statements": 0, "percent_covered": 100.0, "percent_covered_display": "100", "missing_lines": 0, "excluded_lines": 0, "percent_statements_covered": 100.0, "percent_statements_covered_display": "100", "num_branches": 0, "num_partial_branches": 0, "covered_branches": 0, "missing_branches": 0, "percent_branches_covered": 100.0, "percent_branches_covered_display": "100"}, "missing_lines": [], "excluded_lines": [], "start_line": 113, "executed_branches": [], "missing_branches": []}, "PolygonizeInput": {"executed_lines": [], "summary": {"covered_lines": 0, "num_statements": 0, "percent_covered": 100.0, "percent_covered_display": "100", "missing_lines": 0, "excluded_lines": 0, "percent_statements_covered": 100.0, "percent_statements_covered_display": "100", "num_branches": 0, "num_partial_branches": 0, "covered_branches": 0, "missing_branches": 0, "percent_branches_covered": 100.0, "percent_branches_covered_display": "100"}, "missing_lines": [], "excluded_lines": [], "start_line": 135, "executed_branches": [], "missing_branches": []}, "PolygonizeOptions": {"executed_lines": [], "summary": {"covered_lines": 0, "num_statements": 0, "percent_covered": 100.0, "percent_covered_display": "100", "missing_lines": 0, "excluded_lines": 0, "percent_statements_covered": 100.0, "percent_statements_covered_display": "100", "num_branches": 0, "num_partial_branches": 0, "covered_branches": 0, "missing_branches": 0, "percent_branches_covered": 100.0, "percent_branches_covered_display": "100"}, "missing_lines": [], "excluded_lines": [], "start_line": 139, "executed_branches": [], "missing_branches": []}, "Feature": {"executed_lines": [170, 171, 173], "summary": {"covered_lines": 3, "num_statements": 4, "percent_covered": 66.66666666666667, "percent_covered_display": "67", "missing_lines": 1, "excluded_lines": 0, "percent_statements_covered": 75.0, "percent_statements_covered_display": "75", "num_branches": 2, "num_partial_branches": 1, "covered_branches": 1, "missing_branches": 1, "percent_branches_covered": 50.0, "percent_branches_covered_display": "50"}, "missing_lines": [172], "excluded_lines": [], "start_line": 164, "executed_branches": [[171, 173]], "missing_branches": [[171, 172]]}, "BufferInput": {"executed_lines": [], "summary": {"covered_lines": 0, "num_statements": 0, "percent_covered": 100.0, "percent_covered_display": "100", "missing_lines": 0, "excluded_lines": 0, "percent_statements_covered": 100.0, "percent_statements_covered_display": "100", "num_branches": 0, "num_partial_branches": 0, "covered_branches": 0, "missing_branches": 0, "percent_branches_covered": 100.0, "percent_branches_covered_display": "100"}, "missing_lines": [], "excluded_lines": [], "start_line": 176, "executed_branches": [], "missing_branches": []}, "BufferOptions": {"executed_lines": [], "summary": {"covered_lines": 0, "num_statements": 0, "percent_covered": 100.0, "percent_covered_display": "100", "missing_lines": 0, "excluded_lines": 0, "percent_statements_covered": 100.0, "percent_statements_covered_display": "100", "num_branches": 0, "num_partial_branches": 0, "covered_branches": 0, "missing_branches": 0, "percent_branches_covered": 100.0, "percent_branches_covered_display": "100"}, "missing_lines": [], "excluded_lines": [], "start_line": 181, "executed_branches": [], "missing_branches": []}, "OverlayInput": {"executed_lines": [], "summary": {"covered_lines": 0, "num_statements": 0, "percent_covered": 100.0, "percent_covered_display": "100", "missing_lines": 0, "excluded_lines": 0, "percent_statements_covered": 100.0, "percent_statements_covered_display": "100", "num_branches": 0, "num_partial_branches": 0, "covered_branches": 0, "missing_branches": 0, "percent_branches_covered": 100.0, "percent_branches_covered_display": "100"}, "missing_lines": [], "excluded_lines": [], "start_line": 209, "executed_branches": [], "missing_branches": []}, "RasterGISAdapter": {"executed_lines": [273, 283], "summary": {"covered_lines": 2, "num_statements": 2, "percent_covered": 100.0, "percent_covered_display": "100", "missing_lines": 0, "excluded_lines": 0, "percent_statements_covered": 100.0, "percent_statements_covered_display": "100", "num_branches": 0, "num_partial_branches": 0, "covered_branches": 0, "missing_branches": 0, "percent_branches_covered": 100.0, "percent_branches_covered_display": "100"}, "missing_lines": [], "excluded_lines": [], "start_line": 271, "executed_branches": [], "missing_branches": []}, "": {"executed_lines": [9, 10, 11, 12, 13, 15, 16, 17, 18, 19, 20, 21, 22, 24, 25, 26, 27, 28, 29, 31, 34, 35, 38, 39, 40, 41, 42, 43, 45, 55, 56, 70, 71, 72, 73, 76, 79, 81, 82, 87, 90, 91, 92, 95, 96, 98, 99, 100, 102, 103, 113, 114, 115, 116, 117, 120, 121, 123, 124, 132, 135, 136, 139, 140, 143, 146, 147, 148, 149, 150, 152, 153, 159, 164, 165, 166, 167, 169, 176, 177, 178, 181, 182, 185, 186, 187, 188, 189, 190, 191, 192, 194, 204, 209, 210, 211, 212, 213, 218, 221, 223, 224, 225, 227, 228, 229, 230, 231, 232, 233, 234, 235, 247, 248, 249, 250, 255, 256, 266, 271, 272], "summary": {"covered_lines": 121, "num_statements": 132, "percent_covered": 85.36585365853658, "percent_covered_display": "85", "missing_lines": 11, "excluded_lines": 0, "percent_statements_covered": 91.66666666666667, "percent_statements_covered_display": "92", "num_branches": 32, "num_partial_branches": 11, "covered_branches": 19, "missing_branches": 13, "percent_branches_covered": 59.375, "percent_branches_covered_display": "59"}, "missing_lines": [80, 97, 101, 122, 151, 193, 222, 226, 251, 252, 254], "excluded_lines": [], "start_line": 1, "executed_branches": [[79, 81], [96, 98], [100, 102], [121, 123], [150, 152], [189, 190], [189, 191], [192, 194], [221, 223], [225, 227], [230, 231], [230, 247], [231, 232], [231, 266], [232, 231], [232, 233], [234, 235], [249, 250], [255, 256]], "missing_branches": [[79, 80], [96, 97], [100, 101], [121, 122], [150, 151], [192, 193], [221, 222], [225, 226], [234, 232], [249, 251], [251, 252], [251, 254], [255, 266]]}}}, "src/coastmas/adapters/http.py": {"executed_lines": [10, 11, 12, 13, 14, 15, 16, 17, 18, 20, 22, 29, 32, 33, 34, 35, 36, 39, 40, 41, 42, 43, 45, 46, 47, 53, 59, 60, 61, 62, 70, 71, 72, 73, 75, 76, 77, 78, 82, 84, 85, 91, 92, 93, 94, 97, 98, 100, 101, 102, 103, 104, 106, 108, 109, 111, 112, 113, 114, 115, 131, 132, 135, 136, 137, 141, 143, 144, 145, 146, 147, 148, 155, 156, 157, 158, 163, 164, 165, 167], "summary": {"covered_lines": 80, "num_statements": 97, "percent_covered": 77.09923664122137, "percent_covered_display": "77", "missing_lines": 17, "excluded_lines": 0, "percent_statements_covered": 82.47422680412372, "percent_statements_covered_display": "82", "num_branches": 34, "num_partial_branches": 11, "covered_branches": 21, "missing_branches": 13, "percent_branches_covered": 61.76470588235294, "percent_branches_covered_display": "62"}, "missing_lines": [48, 69, 74, 83, 86, 89, 90, 99, 105, 107, 110, 116, 117, 123, 124, 153, 166], "excluded_lines": [], "executed_branches": [[47, -45], [62, 70], [73, 75], [75, 76], [75, 84], [77, 78], [77, 82], [82, 75], [85, 91], [92, 93], [92, 94], [98, 100], [102, 103], [102, 104], [104, 106], [106, 108], [109, 111], [147, 148], [158, 163], [158, 164], [165, 167]], "missing_branches": [[47, 48], [62, 69], [73, 74], [82, 83], [85, 86], [86, 89], [86, 90], [98, 99], [104, 105], [106, 107], [109, 110], [147, 153], [165, 166]], "functions": {"PinnedConnection.__init__": {"executed_lines": [41, 42, 43], "summary": {"covered_lines": 3, "num_statements": 3, "percent_covered": 100.0, "percent_covered_display": "100", "missing_lines": 0, "excluded_lines": 0, "percent_statements_covered": 100.0, "percent_statements_covered_display": "100", "num_branches": 0, "num_partial_branches": 0, "covered_branches": 0, "missing_branches": 0, "percent_branches_covered": 100.0, "percent_branches_covered_display": "100"}, "missing_lines": [], "excluded_lines": [], "start_line": 40, "executed_branches": [], "missing_branches": []}, "PinnedConnection.connect": {"executed_lines": [46, 47], "summary": {"covered_lines": 2, "num_statements": 3, "percent_covered": 60.0, "percent_covered_display": "60", "missing_lines": 1, "excluded_lines": 0, "percent_statements_covered": 66.66666666666667, "percent_statements_covered_display": "67", "num_branches": 2, "num_partial_branches": 1, "covered_branches": 1, "missing_branches": 1, "percent_branches_covered": 50.0, "percent_branches_covered_display": "50"}, "missing_lines": [48], "excluded_lines": [], "start_line": 45, "executed_branches": [[47, -45]], "missing_branches": [[47, 48]]}, "remote_call": {"executed_lines": [59, 60, 61, 62, 70, 71, 72, 73, 75, 76, 77, 78, 82, 84, 85, 91, 92, 93, 94, 97, 98, 100, 101, 102, 103, 104, 106, 108, 109, 111, 112, 113, 114, 115, 131, 132], "summary": {"covered_lines": 36, "num_statements": 50, "percent_covered": 68.42105263157895, "percent_covered_display": "68", "missing_lines": 14, "excluded_lines": 0, "percent_statements_covered": 72.0, "percent_statements_covered_display": "72", "num_branches": 26, "num_partial_branches": 8, "covered_branches": 16, "missing_branches": 10, "percent_branches_covered": 61.53846153846154, "percent_branches_covered_display": "62"}, "missing_lines": [69, 74, 83, 86, 89, 90, 99, 105, 107, 110, 116, 117, 123, 124], "excluded_lines": [], "start_line": 53, "executed_branches": [[62, 70], [73, 75], [75, 76], [75, 84], [77, 78], [77, 82], [82, 75], [85, 91], [92, 93], [92, 94], [98, 100], [102, 103], [102, 104], [104, 106], [106, 108], [109, 111]], "missing_branches": [[62, 69], [73, 74], [82, 83], [85, 86], [86, 89], [86, 90], [98, 99], [104, 105], [106, 107], [109, 110]]}, "HTTPAdapter.__init__": {"executed_lines": [137, 141], "summary": {"covered_lines": 2, "num_statements": 2, "percent_covered": 100.0, "percent_covered_display": "100", "missing_lines": 0, "excluded_lines": 0, "percent_statements_covered": 100.0, "percent_statements_covered_display": "100", "num_branches": 0, "num_partial_branches": 0, "covered_branches": 0, "missing_branches": 0, "percent_branches_covered": 100.0, "percent_branches_covered_display": "100"}, "missing_lines": [], "excluded_lines": [], "start_line": 136, "executed_branches": [], "missing_branches": []}, "HTTPAdapter.execute": {"executed_lines": [144, 145, 146, 147, 148], "summary": {"covered_lines": 5, "num_statements": 6, "percent_covered": 75.0, "percent_covered_display": "75", "missing_lines": 1, "excluded_lines": 0, "percent_statements_covered": 83.33333333333333, "percent_statements_covered_display": "83", "num_branches": 2, "num_partial_branches": 1, "covered_branches": 1, "missing_branches": 1, "percent_branches_covered": 50.0, "percent_branches_covered_display": "50"}, "missing_lines": [153], "excluded_lines": [], "start_line": 143, "executed_branches": [[147, 148]], "missing_branches": [[147, 153]]}, "HTTPAdapter.collect": {"executed_lines": [156, 157, 158, 163, 164, 165, 167], "summary": {"covered_lines": 7, "num_statements": 8, "percent_covered": 83.33333333333333, "percent_covered_display": "83", "missing_lines": 1, "excluded_lines": 0, "percent_statements_covered": 87.5, "percent_statements_covered_display": "88", "num_branches": 4, "num_partial_branches": 1, "covered_branches": 3, "missing_branches": 1, "percent_branches_covered": 75.0, "percent_branches_covered_display": "75"}, "missing_lines": [166], "excluded_lines": [], "start_line": 155, "executed_branches": [[158, 163], [158, 164], [165, 167]], "missing_branches": [[165, 166]]}, "": {"executed_lines": [10, 11, 12, 13, 14, 15, 16, 17, 18, 20, 22, 29, 32, 33, 34, 35, 36, 39, 40, 45, 53, 135, 136, 143, 155], "summary": {"covered_lines": 25, "num_statements": 25, "percent_covered": 100.0, "percent_covered_display": "100", "missing_lines": 0, "excluded_lines": 0, "percent_statements_covered": 100.0, "percent_statements_covered_display": "100", "num_branches": 0, "num_partial_branches": 0, "covered_branches": 0, "missing_branches": 0, "percent_branches_covered": 100.0, "percent_branches_covered_display": "100"}, "missing_lines": [], "excluded_lines": [], "start_line": 1, "executed_branches": [], "missing_branches": []}}, "classes": {"RemoteEndpoint": {"executed_lines": [], "summary": {"covered_lines": 0, "num_statements": 0, "percent_covered": 100.0, "percent_covered_display": "100", "missing_lines": 0, "excluded_lines": 0, "percent_statements_covered": 100.0, "percent_statements_covered_display": "100", "num_branches": 0, "num_partial_branches": 0, "covered_branches": 0, "missing_branches": 0, "percent_branches_covered": 100.0, "percent_branches_covered_display": "100"}, "missing_lines": [], "excluded_lines": [], "start_line": 33, "executed_branches": [], "missing_branches": []}, "PinnedConnection": {"executed_lines": [41, 42, 43, 46, 47], "summary": {"covered_lines": 5, "num_statements": 6, "percent_covered": 75.0, "percent_covered_display": "75", "missing_lines": 1, "excluded_lines": 0, "percent_statements_covered": 83.33333333333333, "percent_statements_covered_display": "83", "num_branches": 2, "num_partial_branches": 1, "covered_branches": 1, "missing_branches": 1, "percent_branches_covered": 50.0, "percent_branches_covered_display": "50"}, "missing_lines": [48], "excluded_lines": [], "start_line": 39, "executed_branches": [[47, -45]], "missing_branches": [[47, 48]]}, "HTTPAdapter": {"executed_lines": [137, 141, 144, 145, 146, 147, 148, 156, 157, 158, 163, 164, 165, 167], "summary": {"covered_lines": 14, "num_statements": 16, "percent_covered": 81.81818181818181, "percent_covered_display": "82", "missing_lines": 2, "excluded_lines": 0, "percent_statements_covered": 87.5, "percent_statements_covered_display": "88", "num_branches": 6, "num_partial_branches": 2, "covered_branches": 4, "missing_branches": 2, "percent_branches_covered": 66.66666666666667, "percent_branches_covered_display": "67"}, "missing_lines": [153, 166], "excluded_lines": [], "start_line": 135, "executed_branches": [[147, 148], [158, 163], [158, 164], [165, 167]], "missing_branches": [[147, 153], [165, 166]]}, "": {"executed_lines": [10, 11, 12, 13, 14, 15, 16, 17, 18, 20, 22, 29, 32, 33, 34, 35, 36, 39, 40, 45, 53, 59, 60, 61, 62, 70, 71, 72, 73, 75, 76, 77, 78, 82, 84, 85, 91, 92, 93, 94, 97, 98, 100, 101, 102, 103, 104, 106, 108, 109, 111, 112, 113, 114, 115, 131, 132, 135, 136, 143, 155], "summary": {"covered_lines": 61, "num_statements": 75, "percent_covered": 76.23762376237623, "percent_covered_display": "76", "missing_lines": 14, "excluded_lines": 0, "percent_statements_covered": 81.33333333333333, "percent_statements_covered_display": "81", "num_branches": 26, "num_partial_branches": 8, "covered_branches": 16, "missing_branches": 10, "percent_branches_covered": 61.53846153846154, "percent_branches_covered_display": "62"}, "missing_lines": [69, 74, 83, 86, 89, 90, 99, 105, 107, 110, 116, 117, 123, 124], "excluded_lines": [], "start_line": 1, "executed_branches": [[62, 70], [73, 75], [75, 76], [75, 84], [77, 78], [77, 82], [82, 75], [85, 91], [92, 93], [92, 94], [98, 100], [102, 103], [102, 104], [104, 106], [106, 108], [109, 111]], "missing_branches": [[62, 69], [73, 74], [82, 83], [85, 86], [86, 89], [86, 90], [98, 99], [104, 105], [106, 107], [109, 110]]}}}, "src/coastmas/adapters/ml.py": {"executed_lines": [3, 4, 6, 7, 9, 10, 11, 12, 14, 17, 18, 19, 20, 22, 23, 25, 29, 30, 31, 32, 35, 36, 39, 40, 41, 42, 45, 51, 52, 53, 54, 63, 64, 79, 82, 84, 85, 86, 87, 90, 99, 100, 101, 106, 108, 109, 110, 111, 112, 113, 114, 116, 117, 119, 120, 121, 125], "summary": {"covered_lines": 57, "num_statements": 61, "percent_covered": 89.04109589041096, "percent_covered_display": "89", "missing_lines": 4, "excluded_lines": 0, "percent_statements_covered": 93.44262295081967, "percent_statements_covered_display": "93", "num_branches": 12, "num_partial_branches": 4, "covered_branches": 8, "missing_branches": 4, "percent_branches_covered": 66.66666666666667, "percent_branches_covered_display": "67"}, "missing_lines": [24, 26, 83, 118], "excluded_lines": [], "executed_branches": [[23, 25], [25, -22], [82, 84], [111, 112], [111, 116], [113, -108], [113, 114], [117, 119]], "missing_branches": [[23, 24], [25, 26], [82, 83], [117, 118]], "functions": {"FeatureInput.check_schema": {"executed_lines": [23, 25], "summary": {"covered_lines": 2, "num_statements": 4, "percent_covered": 50.0, "percent_covered_display": "50", "missing_lines": 2, "excluded_lines": 0, "percent_statements_covered": 50.0, "percent_statements_covered_display": "50", "num_branches": 4, "num_partial_branches": 2, "covered_branches": 2, "missing_branches": 2, "percent_branches_covered": 50.0, "percent_branches_covered_display": "50"}, "missing_lines": [24, 26], "excluded_lines": [], "start_line": 22, "executed_branches": [[23, 25], [25, -22]], "missing_branches": [[23, 24], [25, 26]]}, "train_model": {"executed_lines": [51, 52, 53, 54, 63, 64], "summary": {"covered_lines": 6, "num_statements": 6, "percent_covered": 100.0, "percent_covered_display": "100", "missing_lines": 0, "excluded_lines": 0, "percent_statements_covered": 100.0, "percent_statements_covered_display": "100", "num_branches": 0, "num_partial_branches": 0, "covered_branches": 0, "missing_branches": 0, "percent_branches_covered": 100.0, "percent_branches_covered_display": "100"}, "missing_lines": [], "excluded_lines": [], "start_line": 45, "executed_branches": [], "missing_branches": []}, "predict_model": {"executed_lines": [82, 84, 85, 86, 87, 90], "summary": {"covered_lines": 6, "num_statements": 7, "percent_covered": 77.77777777777777, "percent_covered_display": "78", "missing_lines": 1, "excluded_lines": 0, "percent_statements_covered": 85.71428571428571, "percent_statements_covered_display": "86", "num_branches": 2, "num_partial_branches": 1, "covered_branches": 1, "missing_branches": 1, "percent_branches_covered": 50.0, "percent_branches_covered_display": "50"}, "missing_lines": [83], "excluded_lines": [], "start_line": 79, "executed_branches": [[82, 84]], "missing_branches": [[82, 83]]}, "MLAdapter.__init__": {"executed_lines": [101, 106], "summary": {"covered_lines": 2, "num_statements": 2, "percent_covered": 100.0, "percent_covered_display": "100", "missing_lines": 0, "excluded_lines": 0, "percent_statements_covered": 100.0, "percent_statements_covered_display": "100", "num_branches": 0, "num_partial_branches": 0, "covered_branches": 0, "missing_branches": 0, "percent_branches_covered": 100.0, "percent_branches_covered_display": "100"}, "missing_lines": [], "excluded_lines": [], "start_line": 100, "executed_branches": [], "missing_branches": []}, "MLAdapter.validate": {"executed_lines": [109, 110, 111, 112, 113, 114, 116, 117, 119, 120, 121, 125], "summary": {"covered_lines": 12, "num_statements": 13, "percent_covered": 89.47368421052632, "percent_covered_display": "89", "missing_lines": 1, "excluded_lines": 0, "percent_statements_covered": 92.3076923076923, "percent_statements_covered_display": "92", "num_branches": 6, "num_partial_branches": 1, "covered_branches": 5, "missing_branches": 1, "percent_branches_covered": 83.33333333333333, "percent_branches_covered_display": "83"}, "missing_lines": [118], "excluded_lines": [], "start_line": 108, "executed_branches": [[111, 112], [111, 116], [113, -108], [113, 114], [117, 119]], "missing_branches": [[117, 118]]}, "": {"executed_lines": [3, 4, 6, 7, 9, 10, 11, 12, 14, 17, 18, 19, 20, 22, 29, 30, 31, 32, 35, 36, 39, 40, 41, 42, 45, 79, 99, 100, 108], "summary": {"covered_lines": 29, "num_statements": 29, "percent_covered": 100.0, "percent_covered_display": "100", "missing_lines": 0, "excluded_lines": 0, "percent_statements_covered": 100.0, "percent_statements_covered_display": "100", "num_branches": 0, "num_partial_branches": 0, "covered_branches": 0, "missing_branches": 0, "percent_branches_covered": 100.0, "percent_branches_covered_display": "100"}, "missing_lines": [], "excluded_lines": [], "start_line": 1, "executed_branches": [], "missing_branches": []}}, "classes": {"FeatureInput": {"executed_lines": [23, 25], "summary": {"covered_lines": 2, "num_statements": 4, "percent_covered": 50.0, "percent_covered_display": "50", "missing_lines": 2, "excluded_lines": 0, "percent_statements_covered": 50.0, "percent_statements_covered_display": "50", "num_branches": 4, "num_partial_branches": 2, "covered_branches": 2, "missing_branches": 2, "percent_branches_covered": 50.0, "percent_branches_covered_display": "50"}, "missing_lines": [24, 26], "excluded_lines": [], "start_line": 17, "executed_branches": [[23, 25], [25, -22]], "missing_branches": [[23, 24], [25, 26]]}, "TrainingInput": {"executed_lines": [], "summary": {"covered_lines": 0, "num_statements": 0, "percent_covered": 100.0, "percent_covered_display": "100", "missing_lines": 0, "excluded_lines": 0, "percent_statements_covered": 100.0, "percent_statements_covered_display": "100", "num_branches": 0, "num_partial_branches": 0, "covered_branches": 0, "missing_branches": 0, "percent_branches_covered": 100.0, "percent_branches_covered_display": "100"}, "missing_lines": [], "excluded_lines": [], "start_line": 29, "executed_branches": [], "missing_branches": []}, "PredictionInput": {"executed_lines": [], "summary": {"covered_lines": 0, "num_statements": 0, "percent_covered": 100.0, "percent_covered_display": "100", "missing_lines": 0, "excluded_lines": 0, "percent_statements_covered": 100.0, "percent_statements_covered_display": "100", "num_branches": 0, "num_partial_branches": 0, "covered_branches": 0, "missing_branches": 0, "percent_branches_covered": 100.0, "percent_branches_covered_display": "100"}, "missing_lines": [], "excluded_lines": [], "start_line": 35, "executed_branches": [], "missing_branches": []}, "TrainingOptions": {"executed_lines": [], "summary": {"covered_lines": 0, "num_statements": 0, "percent_covered": 100.0, "percent_covered_display": "100", "missing_lines": 0, "excluded_lines": 0, "percent_statements_covered": 100.0, "percent_statements_covered_display": "100", "num_branches": 0, "num_partial_branches": 0, "covered_branches": 0, "missing_branches": 0, "percent_branches_covered": 100.0, "percent_branches_covered_display": "100"}, "missing_lines": [], "excluded_lines": [], "start_line": 39, "executed_branches": [], "missing_branches": []}, "MLAdapter": {"executed_lines": [101, 106, 109, 110, 111, 112, 113, 114, 116, 117, 119, 120, 121, 125], "summary": {"covered_lines": 14, "num_statements": 15, "percent_covered": 90.47619047619048, "percent_covered_display": "90", "missing_lines": 1, "excluded_lines": 0, "percent_statements_covered": 93.33333333333333, "percent_statements_covered_display": "93", "num_branches": 6, "num_partial_branches": 1, "covered_branches": 5, "missing_branches": 1, "percent_branches_covered": 83.33333333333333, "percent_branches_covered_display": "83"}, "missing_lines": [118], "excluded_lines": [], "start_line": 99, "executed_branches": [[111, 112], [111, 116], [113, -108], [113, 114], [117, 119]], "missing_branches": [[117, 118]]}, "": {"executed_lines": [3, 4, 6, 7, 9, 10, 11, 12, 14, 17, 18, 19, 20, 22, 29, 30, 31, 32, 35, 36, 39, 40, 41, 42, 45, 51, 52, 53, 54, 63, 64, 79, 82, 84, 85, 86, 87, 90, 99, 100, 108], "summary": {"covered_lines": 41, "num_statements": 42, "percent_covered": 95.45454545454545, "percent_covered_display": "95", "missing_lines": 1, "excluded_lines": 0, "percent_statements_covered": 97.61904761904762, "percent_statements_covered_display": "98", "num_branches": 2, "num_partial_branches": 1, "covered_branches": 1, "missing_branches": 1, "percent_branches_covered": 50.0, "percent_branches_covered_display": "50"}, "missing_lines": [83], "excluded_lines": [], "start_line": 1, "executed_branches": [[82, 84]], "missing_branches": [[82, 83]]}}}, "src/coastmas/adapters/python_runner.py": {"executed_lines": [3, 4, 5, 6, 7, 10, 11, 13, 14, 17, 18, 20, 21, 22, 23, 24, 25, 26, 27, 28, 29, 30, 34, 42, 43, 44, 47, 48], "summary": {"covered_lines": 28, "num_statements": 29, "percent_covered": 90.9090909090909, "percent_covered_display": "91", "missing_lines": 1, "excluded_lines": 0, "percent_statements_covered": 96.55172413793103, "percent_statements_covered_display": "97", "num_branches": 4, "num_partial_branches": 2, "covered_branches": 2, "missing_branches": 2, "percent_branches_covered": 50.0, "percent_branches_covered_display": "50"}, "missing_lines": [19], "excluded_lines": [], "executed_branches": [[18, 20], [47, 48]], "missing_branches": [[18, 19], [47, -1]], "functions": {"main": {"executed_lines": [18, 20, 21, 22, 23, 24, 25, 26, 27, 28, 29, 30, 34, 42, 43, 44], "summary": {"covered_lines": 16, "num_statements": 17, "percent_covered": 89.47368421052632, "percent_covered_display": "89", "missing_lines": 1, "excluded_lines": 0, "percent_statements_covered": 94.11764705882354, "percent_statements_covered_display": "94", "num_branches": 2, "num_partial_branches": 1, "covered_branches": 1, "missing_branches": 1, "percent_branches_covered": 50.0, "percent_branches_covered_display": "50"}, "missing_lines": [19], "excluded_lines": [], "start_line": 17, "executed_branches": [[18, 20]], "missing_branches": [[18, 19]]}, "": {"executed_lines": [3, 4, 5, 6, 7, 10, 11, 13, 14, 17, 47, 48], "summary": {"covered_lines": 12, "num_statements": 12, "percent_covered": 92.85714285714286, "percent_covered_display": "93", "missing_lines": 0, "excluded_lines": 0, "percent_statements_covered": 100.0, "percent_statements_covered_display": "100", "num_branches": 2, "num_partial_branches": 1, "covered_branches": 1, "missing_branches": 1, "percent_branches_covered": 50.0, "percent_branches_covered_display": "50"}, "missing_lines": [], "excluded_lines": [], "start_line": 1, "executed_branches": [[47, 48]], "missing_branches": [[47, -1]]}}, "classes": {"": {"executed_lines": [3, 4, 5, 6, 7, 10, 11, 13, 14, 17, 18, 20, 21, 22, 23, 24, 25, 26, 27, 28, 29, 30, 34, 42, 43, 44, 47, 48], "summary": {"covered_lines": 28, "num_statements": 29, "percent_covered": 90.9090909090909, "percent_covered_display": "91", "missing_lines": 1, "excluded_lines": 0, "percent_statements_covered": 96.55172413793103, "percent_statements_covered_display": "97", "num_branches": 4, "num_partial_branches": 2, "covered_branches": 2, "missing_branches": 2, "percent_branches_covered": 50.0, "percent_branches_covered_display": "50"}, "missing_lines": [19], "excluded_lines": [], "start_line": 1, "executed_branches": [[18, 20], [47, 48]], "missing_branches": [[18, 19], [47, -1]]}}}, "src/coastmas/adapters/runtime.py": {"executed_lines": [8, 9, 10, 11, 12, 13, 14, 15, 16, 17, 18, 19, 20, 21, 22, 23, 24, 27, 28, 30, 32, 33, 34, 39, 40, 41, 42, 43, 44, 45, 46, 47, 50, 51, 52, 53, 54, 57, 65, 66, 67, 69, 70, 72, 73, 74, 75, 77, 79, 88, 89, 90, 91, 92, 94, 95, 96, 97, 98, 99, 100, 102, 103, 105, 106, 108, 109, 111, 113, 114, 117, 118, 119, 120, 121, 122, 123, 124, 126, 129, 130, 132, 133, 134, 135, 136, 137, 138, 139, 140, 142, 143, 150, 151, 152, 153, 154, 164, 165, 166, 167, 168, 170, 171, 172, 173, 174, 175, 176, 177, 178, 179, 180, 181, 182, 183, 184, 187, 188, 189, 190, 191, 194, 195, 196, 198, 199, 200, 201, 202, 204, 205, 206, 207, 212, 214, 215, 217, 218, 219, 220, 221, 222, 224, 227, 228, 235, 236, 237, 238, 241, 242, 244, 245, 248, 249, 250, 252, 253, 254, 255, 256, 257, 262, 263, 268, 269, 270, 272, 274, 275, 276, 281, 282, 283], "summary": {"covered_lines": 175, "num_statements": 189, "percent_covered": 88.47736625514403, "percent_covered_display": "88", "missing_lines": 14, "excluded_lines": 7, "percent_statements_covered": 92.5925925925926, "percent_statements_covered_display": "93", "num_branches": 54, "num_partial_branches": 14, "covered_branches": 40, "missing_branches": 14, "percent_branches_covered": 74.07407407407408, "percent_branches_covered_display": "74"}, "missing_lines": [68, 76, 78, 101, 104, 107, 110, 125, 127, 169, 192, 193, 208, 209], "excluded_lines": [58, 59, 60, 61, 62, 63, 64], "executed_branches": [[67, 69], [73, 74], [73, 75], [75, 77], [77, 79], [96, 97], [96, 109], [98, 99], [98, 108], [100, 102], [103, 105], [106, 108], [109, 111], [117, 118], [124, 126], [132, 133], [132, 135], [168, 170], [172, 173], [172, 189], [173, 174], [173, 175], [175, 176], [175, 177], [177, 172], [177, 178], [179, 180], [179, 182], [183, 184], [183, 187], [187, 188], [194, 195], [194, 196], [199, 200], [236, 237], [236, 238], [248, 249], [257, 262], [257, 270], [268, 269]], "missing_branches": [[67, 68], [75, 76], [77, 78], [100, 101], [103, 104], [106, 107], [109, 110], [117, 127], [124, 125], [168, 169], [187, 177], [199, 201], [248, 250], [268, 270]], "functions": {"ModelAdapter.prepare": {"executed_lines": [], "summary": {"covered_lines": 0, "num_statements": 0, "percent_covered": 100.0, "percent_covered_display": "100", "missing_lines": 0, "excluded_lines": 1, "percent_statements_covered": 100.0, "percent_statements_covered_display": "100", "num_branches": 0, "num_partial_branches": 0, "covered_branches": 0, "missing_branches": 0, "percent_branches_covered": 100.0, "percent_branches_covered_display": "100"}, "missing_lines": [], "excluded_lines": [58], "start_line": 58, "executed_branches": [], "missing_branches": []}, "ModelAdapter.validate": {"executed_lines": [], "summary": {"covered_lines": 0, "num_statements": 0, "percent_covered": 100.0, "percent_covered_display": "100", "missing_lines": 0, "excluded_lines": 1, "percent_statements_covered": 100.0, "percent_statements_covered_display": "100", "num_branches": 0, "num_partial_branches": 0, "covered_branches": 0, "missing_branches": 0, "percent_branches_covered": 100.0, "percent_branches_covered_display": "100"}, "missing_lines": [], "excluded_lines": [59], "start_line": 59, "executed_branches": [], "missing_branches": []}, "ModelAdapter.execute": {"executed_lines": [], "summary": {"covered_lines": 0, "num_statements": 0, "percent_covered": 100.0, "percent_covered_display": "100", "missing_lines": 0, "excluded_lines": 1, "percent_statements_covered": 100.0, "percent_statements_covered_display": "100", "num_branches": 0, "num_partial_branches": 0, "covered_branches": 0, "missing_branches": 0, "percent_branches_covered": 100.0, "percent_branches_covered_display": "100"}, "missing_lines": [], "excluded_lines": [60], "start_line": 60, "executed_branches": [], "missing_branches": []}, "ModelAdapter.collect": {"executed_lines": [], "summary": {"covered_lines": 0, "num_statements": 0, "percent_covered": 100.0, "percent_covered_display": "100", "missing_lines": 0, "excluded_lines": 1, "percent_statements_covered": 100.0, "percent_statements_covered_display": "100", "num_branches": 0, "num_partial_branches": 0, "covered_branches": 0, "missing_branches": 0, "percent_branches_covered": 100.0, "percent_branches_covered_display": "100"}, "missing_lines": [], "excluded_lines": [61], "start_line": 61, "executed_branches": [], "missing_branches": []}, "ModelAdapter.cleanup": {"executed_lines": [], "summary": {"covered_lines": 0, "num_statements": 0, "percent_covered": 100.0, "percent_covered_display": "100", "missing_lines": 0, "excluded_lines": 1, "percent_statements_covered": 100.0, "percent_statements_covered_display": "100", "num_branches": 0, "num_partial_branches": 0, "covered_branches": 0, "missing_branches": 0, "percent_branches_covered": 100.0, "percent_branches_covered_display": "100"}, "missing_lines": [], "excluded_lines": [62], "start_line": 62, "executed_branches": [], "missing_branches": []}, "CLIAdapter.__init__": {"executed_lines": [67, 69, 70], "summary": {"covered_lines": 3, "num_statements": 4, "percent_covered": 66.66666666666667, "percent_covered_display": "67", "missing_lines": 1, "excluded_lines": 0, "percent_statements_covered": 75.0, "percent_statements_covered_display": "75", "num_branches": 2, "num_partial_branches": 1, "covered_branches": 1, "missing_branches": 1, "percent_branches_covered": 50.0, "percent_branches_covered_display": "50"}, "missing_lines": [68], "excluded_lines": [], "start_line": 66, "executed_branches": [[67, 69]], "missing_branches": [[67, 68]]}, "CLIAdapter.validate": {"executed_lines": [73, 74, 75, 77, 79], "summary": {"covered_lines": 5, "num_statements": 7, "percent_covered": 69.23076923076923, "percent_covered_display": "69", "missing_lines": 2, "excluded_lines": 0, "percent_statements_covered": 71.42857142857143, "percent_statements_covered_display": "71", "num_branches": 6, "num_partial_branches": 2, "covered_branches": 4, "missing_branches": 2, "percent_branches_covered": 66.66666666666667, "percent_branches_covered_display": "67"}, "missing_lines": [76, 78], "excluded_lines": [], "start_line": 72, "executed_branches": [[73, 74], [73, 75], [75, 77], [77, 79]], "missing_branches": [[75, 76], [77, 78]]}, "CLIAdapter.prepare": {"executed_lines": [89, 90, 91, 92], "summary": {"covered_lines": 4, "num_statements": 4, "percent_covered": 100.0, "percent_covered_display": "100", "missing_lines": 0, "excluded_lines": 0, "percent_statements_covered": 100.0, "percent_statements_covered_display": "100", "num_branches": 0, "num_partial_branches": 0, "covered_branches": 0, "missing_branches": 0, "percent_branches_covered": 100.0, "percent_branches_covered_display": "100"}, "missing_lines": [], "excluded_lines": [], "start_line": 88, "executed_branches": [], "missing_branches": []}, "CLIAdapter.arguments": {"executed_lines": [95, 96, 97, 98, 99, 100, 102, 103, 105, 106, 108, 109, 111], "summary": {"covered_lines": 13, "num_statements": 17, "percent_covered": 72.41379310344827, "percent_covered_display": "72", "missing_lines": 4, "excluded_lines": 0, "percent_statements_covered": 76.47058823529412, "percent_statements_covered_display": "76", "num_branches": 12, "num_partial_branches": 4, "covered_branches": 8, "missing_branches": 4, "percent_branches_covered": 66.66666666666667, "percent_branches_covered_display": "67"}, "missing_lines": [101, 104, 107, 110], "excluded_lines": [], "start_line": 94, "executed_branches": [[96, 97], [96, 109], [98, 99], [98, 108], [100, 102], [103, 105], [106, 108], [109, 111]], "missing_branches": [[100, 101], [103, 104], [106, 107], [109, 110]]}, "CLIAdapter.signal_group": {"executed_lines": [117, 118, 119, 120, 121, 122, 123, 124, 126], "summary": {"covered_lines": 9, "num_statements": 11, "percent_covered": 73.33333333333333, "percent_covered_display": "73", "missing_lines": 2, "excluded_lines": 0, "percent_statements_covered": 81.81818181818181, "percent_statements_covered_display": "82", "num_branches": 4, "num_partial_branches": 2, "covered_branches": 2, "missing_branches": 2, "percent_branches_covered": 50.0, "percent_branches_covered_display": "50"}, "missing_lines": [125, 127], "excluded_lines": [], "start_line": 114, "executed_branches": [[117, 118], [124, 126]], "missing_branches": [[117, 127], [124, 125]]}, "CLIAdapter.terminate": {"executed_lines": [132, 133, 134, 135, 136, 137, 138, 139, 140], "summary": {"covered_lines": 9, "num_statements": 9, "percent_covered": 100.0, "percent_covered_display": "100", "missing_lines": 0, "excluded_lines": 0, "percent_statements_covered": 100.0, "percent_statements_covered_display": "100", "num_branches": 2, "num_partial_branches": 0, "covered_branches": 2, "missing_branches": 0, "percent_branches_covered": 100.0, "percent_branches_covered_display": "100"}, "missing_lines": [], "excluded_lines": [], "start_line": 130, "executed_branches": [[132, 133], [132, 135]], "missing_branches": []}, "CLIAdapter.execution_environment": {"executed_lines": [143], "summary": {"covered_lines": 1, "num_statements": 1, "percent_covered": 100.0, "percent_covered_display": "100", "missing_lines": 0, "excluded_lines": 0, "percent_statements_covered": 100.0, "percent_statements_covered_display": "100", "num_branches": 0, "num_partial_branches": 0, "covered_branches": 0, "missing_branches": 0, "percent_branches_covered": 100.0, "percent_branches_covered_display": "100"}, "missing_lines": [], "excluded_lines": [], "start_line": 142, "executed_branches": [], "missing_branches": []}, "CLIAdapter.execute": {"executed_lines": [151, 152, 153, 154, 164, 165, 166, 167, 168, 170, 171, 172, 173, 174, 175, 176, 177, 178, 179, 180, 181, 182, 183, 184, 187, 188, 189, 190, 191, 194, 195, 196, 198, 199, 200, 201, 202], "summary": {"covered_lines": 37, "num_statements": 40, "percent_covered": 90.0, "percent_covered_display": "90", "missing_lines": 3, "excluded_lines": 0, "percent_statements_covered": 92.5, "percent_statements_covered_display": "92", "num_branches": 20, "num_partial_branches": 3, "covered_branches": 17, "missing_branches": 3, "percent_branches_covered": 85.0, "percent_branches_covered_display": "85"}, "missing_lines": [169, 192, 193], "excluded_lines": [], "start_line": 150, "executed_branches": [[168, 170], [172, 173], [172, 189], [173, 174], [173, 175], [175, 176], [175, 177], [177, 172], [177, 178], [179, 180], [179, 182], [183, 184], [183, 187], [187, 188], [194, 195], [194, 196], [199, 200]], "missing_branches": [[168, 169], [187, 177], [199, 201]]}, "CLIAdapter.collect": {"executed_lines": [205, 206, 207, 212], "summary": {"covered_lines": 4, "num_statements": 6, "percent_covered": 66.66666666666667, "percent_covered_display": "67", "missing_lines": 2, "excluded_lines": 0, "percent_statements_covered": 66.66666666666667, "percent_statements_covered_display": "67", "num_branches": 0, "num_partial_branches": 0, "covered_branches": 0, "missing_branches": 0, "percent_branches_covered": 100.0, "percent_branches_covered_display": "100"}, "missing_lines": [208, 209], "excluded_lines": [], "start_line": 204, "executed_branches": [], "missing_branches": []}, "CLIAdapter.cleanup": {"executed_lines": [215], "summary": {"covered_lines": 1, "num_statements": 1, "percent_covered": 100.0, "percent_covered_display": "100", "missing_lines": 0, "excluded_lines": 0, "percent_statements_covered": 100.0, "percent_statements_covered_display": "100", "num_branches": 0, "num_partial_branches": 0, "covered_branches": 0, "missing_branches": 0, "percent_branches_covered": 100.0, "percent_branches_covered_display": "100"}, "missing_lines": [], "excluded_lines": [], "start_line": 214, "executed_branches": [], "missing_branches": []}, "CLIAdapter.run": {"executed_lines": [218, 219, 220, 221, 222, 224], "summary": {"covered_lines": 6, "num_statements": 6, "percent_covered": 100.0, "percent_covered_display": "100", "missing_lines": 0, "excluded_lines": 0, "percent_statements_covered": 100.0, "percent_statements_covered_display": "100", "num_branches": 0, "num_partial_branches": 0, "covered_branches": 0, "missing_branches": 0, "percent_branches_covered": 100.0, "percent_branches_covered_display": "100"}, "missing_lines": [], "excluded_lines": [], "start_line": 217, "executed_branches": [], "missing_branches": []}, "PythonFunctionAdapter.__init__": {"executed_lines": [235, 236, 237, 238, 241, 242], "summary": {"covered_lines": 6, "num_statements": 6, "percent_covered": 100.0, "percent_covered_display": "100", "missing_lines": 0, "excluded_lines": 0, "percent_statements_covered": 100.0, "percent_statements_covered_display": "100", "num_branches": 2, "num_partial_branches": 0, "covered_branches": 2, "missing_branches": 0, "percent_branches_covered": 100.0, "percent_branches_covered_display": "100"}, "missing_lines": [], "excluded_lines": [], "start_line": 228, "executed_branches": [[236, 237], [236, 238]], "missing_branches": []}, "PythonFunctionAdapter.execution_environment": {"executed_lines": [245, 248, 249, 250], "summary": {"covered_lines": 4, "num_statements": 4, "percent_covered": 83.33333333333333, "percent_covered_display": "83", "missing_lines": 0, "excluded_lines": 0, "percent_statements_covered": 100.0, "percent_statements_covered_display": "100", "num_branches": 2, "num_partial_branches": 1, "covered_branches": 1, "missing_branches": 1, "percent_branches_covered": 50.0, "percent_branches_covered_display": "50"}, "missing_lines": [], "excluded_lines": [], "start_line": 244, "executed_branches": [[248, 249]], "missing_branches": [[248, 250]]}, "PythonFunctionAdapter.execute": {"executed_lines": [253, 254, 255, 256, 257, 262, 263, 268, 269, 270], "summary": {"covered_lines": 10, "num_statements": 10, "percent_covered": 92.85714285714286, "percent_covered_display": "93", "missing_lines": 0, "excluded_lines": 0, "percent_statements_covered": 100.0, "percent_statements_covered_display": "100", "num_branches": 4, "num_partial_branches": 1, "covered_branches": 3, "missing_branches": 1, "percent_branches_covered": 75.0, "percent_branches_covered_display": "75"}, "missing_lines": [], "excluded_lines": [], "start_line": 252, "executed_branches": [[257, 262], [257, 270], [268, 269]], "missing_branches": [[268, 270]]}, "PythonFunctionAdapter.arguments": {"exe
[...]
1, 319, 325, 326, 327, 328], "summary": {"covered_lines": 115, "num_statements": 120, "percent_covered": 93.50649350649351, "percent_covered_display": "94", "missing_lines": 5, "excluded_lines": 0, "percent_statements_covered": 95.83333333333333, "percent_statements_covered_display": "96", "num_branches": 34, "num_partial_branches": 5, "covered_branches": 29, "missing_branches": 5, "percent_branches_covered": 85.29411764705883, "percent_branches_covered_display": "85"}, "missing_lines": [56, 64, 83, 92, 320], "excluded_lines": [], "executed_branches": [[54, 55], [54, 66], [55, 57], [59, 62], [59, 63], [63, 65], [80, 81], [80, 85], [82, 84], [87, 93], [155, 156], [155, 157], [178, 179], [178, 232], [188, 189], [188, 193], [193, 194], [193, 196], [203, 204], [203, 207], [233, 234], [233, 269], [275, 276], [275, 295], [296, 297], [296, 328], [298, 299], [298, 306], [319, 325]], "missing_branches": [[55, 56], [63, 64], [82, 83], [87, 92], [319, 320]], "functions": {"_save": {"executed_lines": [52, 53, 54, 55, 57, 58, 59, 62, 63, 65, 66], "summary": {"covered_lines": 11, "num_statements": 13, "percent_covered": 80.95238095238095, "percent_covered_display": "81", "missing_lines": 2, "excluded_lines": 0, "percent_statements_covered": 84.61538461538461, "percent_statements_covered_display": "85", "num_branches": 8, "num_partial_branches": 2, "covered_branches": 6, "missing_branches": 2, "percent_branches_covered": 75.0, "percent_branches_covered_display": "75"}, "missing_lines": [56, 64], "excluded_lines": [], "start_line": 49, "executed_branches": [[54, 55], [54, 66], [55, 57], [59, 62], [59, 63], [63, 65]], "missing_branches": [[55, 56], [63, 64]]}, "_frames": {"executed_lines": [78, 79, 80, 81, 82, 84, 85, 86, 87, 93, 105, 106, 115, 124], "summary": {"covered_lines": 14, "num_statements": 16, "percent_covered": 81.81818181818181, "percent_covered_display": "82", "missing_lines": 2, "excluded_lines": 0, "percent_statements_covered": 87.5, "percent_statements_covered_display": "88", "num_branches": 6, "num_partial_branches": 2, "covered_branches": 4, "missing_branches": 2, "percent_branches_covered": 66.66666666666667, "percent_branches_covered_display": "67"}, "missing_lines": [83, 92], "excluded_lines": [], "start_line": 77, "executed_branches": [[80, 81], [80, 85], [82, 84], [87, 93]], "missing_branches": [[82, 83], [87, 92]]}, "_container": {"executed_lines": [128], "summary": {"covered_lines": 1, "num_statements": 1, "percent_covered": 100.0, "percent_covered_display": "100", "missing_lines": 0, "excluded_lines": 0, "percent_statements_covered": 100.0, "percent_statements_covered_display": "100", "num_branches": 0, "num_partial_branches": 0, "covered_branches": 0, "missing_branches": 0, "percent_branches_covered": 100.0, "percent_branches_covered_display": "100"}, "missing_lines": [], "excluded_lines": [], "start_line": 127, "executed_branches": [], "missing_branches": []}, "seed_project": {"executed_lines": [147, 148, 149, 150, 155, 156, 157, 158, 159, 177, 178, 179, 180, 181, 182, 183, 188, 189, 190, 191, 192, 193, 194, 196, 197, 203, 204, 205, 206, 207, 228, 229, 230, 231, 232, 233, 234, 240, 241, 265, 266, 267, 268, 269, 270, 275, 276, 295, 296, 297, 298, 299, 306, 307, 311, 319, 325, 326, 327, 328], "summary": {"covered_lines": 60, "num_statements": 61, "percent_covered": 97.53086419753086, "percent_covered_display": "98", "missing_lines": 1, "excluded_lines": 0, "percent_statements_covered": 98.36065573770492, "percent_statements_covered_display": "98", "num_branches": 20, "num_partial_branches": 1, "covered_branches": 19, "missing_branches": 1, "percent_branches_covered": 95.0, "percent_branches_covered_display": "95"}, "missing_lines": [320], "excluded_lines": [], "start_line": 144, "executed_branches": [[155, 156], [155, 157], [178, 179], [178, 232], [188, 189], [188, 193], [193, 194], [193, 196], [203, 204], [203, 207], [233, 234], [233, 269], [275, 276], [275, 295], [296, 297], [296, 328], [298, 299], [298, 306], [319, 325]], "missing_branches": [[319, 320]]}, "": {"executed_lines": [7, 8, 9, 10, 11, 13, 14, 16, 17, 18, 25, 26, 27, 28, 29, 30, 31, 32, 38, 41, 42, 43, 44, 45, 46, 49, 77, 127, 144], "summary": {"covered_lines": 29, "num_statements": 29, "percent_covered": 100.0, "percent_covered_display": "100", "missing_lines": 0, "excluded_lines": 0, "percent_statements_covered": 100.0, "percent_statements_covered_display": "100", "num_branches": 0, "num_partial_branches": 0, "covered_branches": 0, "missing_branches": 0, "percent_branches_covered": 100.0, "percent_branches_covered_display": "100"}, "missing_lines": [], "excluded_lines": [], "start_line": 1, "executed_branches": [], "missing_branches": []}}, "classes": {"SampleProject": {"executed_lines": [], "summary": {"covered_lines": 0, "num_statements": 0, "percent_covered": 100.0, "percent_covered_display": "100", "missing_lines": 0, "excluded_lines": 0, "percent_statements_covered": 100.0, "percent_statements_covered_display": "100", "num_branches": 0, "num_partial_branches": 0, "covered_branches": 0, "missing_branches": 0, "percent_branches_covered": 100.0, "percent_branches_covered_display": "100"}, "missing_lines": [], "excluded_lines": [], "start_line": 42, "executed_branches": [], "missing_branches": []}, "": {"executed_lines": [7, 8, 9, 10, 11, 13, 14, 16, 17, 18, 25, 26, 27, 28, 29, 30, 31, 32, 38, 41, 42, 43, 44, 45, 46, 49, 52, 53, 54, 55, 57, 58, 59, 62, 63, 65, 66, 77, 78, 79, 80, 81, 82, 84, 85, 86, 87, 93, 105, 106, 115, 124, 127, 128, 144, 147, 148, 149, 150, 155, 156, 157, 158, 159, 177, 178, 179, 180, 181, 182, 183, 188, 189, 190, 191, 192, 193, 194, 196, 197, 203, 204, 205, 206, 207, 228, 229, 230, 231, 232, 233, 234, 240, 241, 265, 266, 267, 268, 269, 270, 275, 276, 295, 296, 297, 298, 299, 306, 307, 311, 319, 325, 326, 327, 328], "summary": {"covered_lines": 115, "num_statements": 120, "percent_covered": 93.50649350649351, "percent_covered_display": "94", "missing_lines": 5, "excluded_lines": 0, "percent_statements_covered": 95.83333333333333, "percent_statements_covered_display": "96", "num_branches": 34, "num_partial_branches": 5, "covered_branches": 29, "missing_branches": 5, "percent_branches_covered": 85.29411764705883, "percent_branches_covered_display": "85"}, "missing_lines": [56, 64, 83, 92, 320], "excluded_lines": [], "start_line": 1, "executed_branches": [[54, 55], [54, 66], [55, 57], [59, 62], [59, 63], [63, 65], [80, 81], [80, 85], [82, 84], [87, 93], [155, 156], [155, 157], [178, 179], [178, 232], [188, 189], [188, 193], [193, 194], [193, 196], [203, 204], [203, 207], [233, 234], [233, 269], [275, 276], [275, 295], [296, 297], [296, 328], [298, 299], [298, 306], [319, 325]], "missing_branches": [[55, 56], [63, 64], [82, 83], [87, 92], [319, 320]]}}}, "src/coastmas/worker/__init__.py": {"executed_lines": [], "summary": {"covered_lines": 0, "num_statements": 0, "percent_covered": 100.0, "percent_covered_display": "100", "missing_lines": 0, "excluded_lines": 0, "percent_statements_covered": 100.0, "percent_statements_covered_display": "100", "num_branches": 0, "num_partial_branches": 0, "covered_branches": 0, "missing_branches": 0, "percent_branches_covered": 100.0, "percent_branches_covered_display": "100"}, "missing_lines": [], "excluded_lines": [], "executed_branches": [], "missing_branches": [], "functions": {"": {"executed_lines": [], "summary": {"covered_lines": 0, "num_statements": 0, "percent_covered": 100.0, "percent_covered_display": "100", "missing_lines": 0, "excluded_lines": 0, "percent_statements_covered": 100.0, "percent_statements_covered_display": "100", "num_branches": 0, "num_partial_branches": 0, "covered_branches": 0, "missing_branches": 0, "percent_branches_covered": 100.0, "percent_branches_covered_display": "100"}, "missing_lines": [], "excluded_lines": [], "start_line": 1, "executed_branches": [], "missing_branches": []}}, "classes": {"": {"executed_lines": [], "summary": {"covered_lines": 0, "num_statements": 0, "percent_covered": 100.0, "percent_covered_display": "100", "missing_lines": 0, "excluded_lines": 0, "percent_statements_covered": 100.0, "percent_statements_covered_display": "100", "num_branches": 0, "num_partial_branches": 0, "covered_branches": 0, "missing_branches": 0, "percent_branches_covered": 100.0, "percent_branches_covered_display": "100"}, "missing_lines": [], "excluded_lines": [], "start_line": 1, "executed_branches": [], "missing_branches": []}}}, "src/coastmas/worker/runtime.py": {"executed_lines": [10, 11, 12, 13, 14, 15, 16, 18, 19, 20, 21, 23, 24, 25, 33, 34, 35, 36, 37, 43, 44, 45, 46, 47, 48, 49, 50, 51, 52, 53, 55, 56, 59, 60, 69, 70, 71, 72, 73, 75, 78, 79, 80, 81, 82, 83, 85, 91, 92, 93, 94, 99, 105, 106, 111, 112, 115, 116, 117, 118, 119, 120, 121, 122, 123, 124, 126, 127, 128, 129, 130, 137, 138, 139, 140, 141, 142, 143, 145, 146, 147, 148, 150, 155, 156, 157, 158, 159, 160, 163, 166, 168, 169, 171, 172, 173, 180, 205, 212, 224, 232, 236, 245, 266, 268, 271, 272, 273, 274, 297, 298, 299, 301, 302, 318, 321, 322, 323, 324, 327, 328, 336, 337, 338, 339, 344, 362, 365, 366, 379, 381, 385, 386], "summary": {"covered_lines": 133, "num_statements": 151, "percent_covered": 83.58974358974359, "percent_covered_display": "84", "missing_lines": 18, "excluded_lines": 0, "percent_statements_covered": 88.0794701986755, "percent_statements_covered_display": "88", "num_branches": 44, "num_partial_branches": 8, "covered_branches": 30, "missing_branches": 14, "percent_branches_covered": 68.18181818181819, "percent_branches_covered_display": "68"}, "missing_lines": [84, 113, 149, 176, 183, 184, 187, 233, 267, 300, 340, 345, 346, 347, 348, 359, 382, 383], "excluded_lines": [], "executed_branches": [[78, 79], [78, 81], [83, 85], [91, -75], [91, 92], [92, 93], [92, 94], [99, 105], [99, 106], [112, 91], [118, 119], [118, 120], [127, -126], [127, 128], [137, 127], [137, 138], [148, 150], [159, 160], [159, 163], [171, 172], [171, 224], [173, 180], [232, 236], [266, 268], [299, 301], [322, 323], [322, 324], [337, -115], [337, 338], [339, -115]], "missing_branches": [[83, 84], [112, 113], [148, 149], [173, 176], [183, 184], [183, 187], [232, 233], [266, 267], [299, 300], [339, 340], [345, 346], [345, 347], [382, -381], [382, 383]], "functions": {"WorkflowWorker.__init__": {"executed_lines": [69, 70, 71, 72, 73], "summary": {"covered_lines": 5, "num_statements": 5, "percent_covered": 100.0, "percent_covered_display": "100", "missing_lines": 0, "excluded_lines": 0, "percent_statements_covered": 100.0, "percent_statements_covered_display": "100", "num_branches": 0, "num_partial_branches": 0, "covered_branches": 0, "missing_branches": 0, "percent_branches_covered": 100.0, "percent_branches_covered_display": "100"}, "missing_lines": [], "excluded_lines": [], "start_line": 60, "executed_branches": [], "missing_branches": []}, "WorkflowWorker._verify_manifest": {"executed_lines": [78, 79, 80, 81, 82, 83, 85, 91, 92, 93, 94, 99, 105, 106, 111, 112], "summary": {"covered_lines": 16, "num_statements": 18, "percent_covered": 86.66666666666667, "percent_covered_display": "87", "missing_lines": 2, "excluded_lines": 0, "percent_statements_covered": 88.88888888888889, "percent_statements_covered_display": "89", "num_branches": 12, "num_partial_branches": 2, "covered_branches": 10, "missing_branches": 2, "percent_branches_covered": 83.33333333333333, "percent_branches_covered_display": "83"}, "missing_lines": [84, 113], "excluded_lines": [], "start_line": 75, "executed_branches": [[78, 79], [78, 81], [83, 85], [91, -75], [91, 92], [92, 93], [92, 94], [99, 105], [99, 106], [112, 91]], "missing_branches": [[83, 84], [112, 113]]}, "WorkflowWorker.run": {"executed_lines": [116, 117, 118, 119, 120, 121, 122, 123, 124, 126, 145, 146, 147, 148, 150, 155, 156, 157, 158, 159, 160, 163, 166, 168, 171, 172, 173, 180, 205, 212, 224, 232, 236, 245, 266, 268, 271, 272, 273, 274, 297, 298, 299, 301, 302, 318, 321, 322, 323, 324, 327, 328, 336, 337, 338, 339], "summary": {"covered_lines": 56, "num_statements": 62, "percent_covered": 85.71428571428571, "percent_covered_display": "86", "missing_lines": 6, "excluded_lines": 0, "percent_statements_covered": 90.3225806451613, "percent_statements_covered_display": "90", "num_branches": 22, "num_partial_branches": 6, "covered_branches": 16, "missing_branches": 6, "percent_branches_covered": 72.72727272727273, "percent_branches_covered_display": "73"}, "missing_lines": [149, 176, 233, 267, 300, 340], "excluded_lines": [], "start_line": 115, "executed_branches": [[118, 119], [118, 120], [148, 150], [159, 160], [159, 163], [171, 172], [171, 224], [173, 180], [232, 236], [266, 268], [299, 301], [322, 323], [322, 324], [337, -115], [337, 338], [339, -115]], "missing_branches": [[148, 149], [173, 176], [232, 233], [266, 267], [299, 300], [339, 340]]}, "WorkflowWorker.run.heartbeat": {"executed_lines": [127, 128, 129, 130, 137, 138, 139, 140, 141, 142, 143], "summary": {"covered_lines": 11, "num_statements": 11, "percent_covered": 100.0, "percent_covered_display": "100", "missing_lines": 0, "excluded_lines": 0, "percent_statements_covered": 100.0, "percent_statements_covered_display": "100", "num_branches": 4, "num_partial_branches": 0, "covered_branches": 4, "missing_branches": 0, "percent_branches_covered": 100.0, "percent_branches_covered_display": "100"}, "missing_lines": [], "excluded_lines": [], "start_line": 126, "executed_branches": [[127, -126], [127, 128], [137, 127], [137, 138]], "missing_branches": []}, "WorkflowWorker.run.update_progress": {"executed_lines": [169], "summary": {"covered_lines": 1, "num_statements": 1, "percent_covered": 100.0, "percent_covered_display": "100", "missing_lines": 0, "excluded_lines": 0, "percent_statements_covered": 100.0, "percent_statements_covered_display": "100", "num_branches": 0, "num_partial_branches": 0, "covered_branches": 0, "missing_branches": 0, "percent_branches_covered": 100.0, "percent_branches_covered_display": "100"}, "missing_lines": [], "excluded_lines": [], "start_line": 168, "executed_branches": [], "missing_branches": []}, "WorkflowWorker.run.provider_trial": {"executed_lines": [], "summary": {"covered_lines": 0, "num_statements": 3, "percent_covered": 0.0, "percent_covered_display": "0", "missing_lines": 3, "excluded_lines": 0, "percent_statements_covered": 0.0, "percent_statements_covered_display": "0", "num_branches": 2, "num_partial_branches": 0, "covered_branches": 0, "missing_branches": 2, "percent_branches_covered": 0.0, "percent_branches_covered_display": "0"}, "missing_lines": [183, 184, 187], "excluded_lines": [], "start_line": 180, "executed_branches": [], "missing_branches": [[183, 184], [183, 187]]}, "WorkflowWorker.pending": {"executed_lines": [], "summary": {"covered_lines": 0, "num_statements": 5, "percent_covered": 0.0, "percent_covered_display": "0", "missing_lines": 5, "excluded_lines": 0, "percent_statements_covered": 0.0, "percent_statements_covered_display": "0", "num_branches": 2, "num_partial_branches": 0, "covered_branches": 0, "missing_branches": 2, "percent_branches_covered": 0.0, "percent_branches_covered_display": "0"}, "missing_lines": [345, 346, 347, 348, 359], "excluded_lines": [], "start_line": 344, "executed_branches": [], "missing_branches": [[345, 346], [345, 347]]}, "create_queue": {"executed_lines": [365, 366, 379, 381, 385, 386], "summary": {"covered_lines": 6, "num_statements": 6, "percent_covered": 100.0, "percent_covered_display": "100", "missing_lines": 0, "excluded_lines": 0, "percent_statements_covered": 100.0, "percent_statements_covered_display": "100", "num_branches": 0, "num_partial_branches": 0, "covered_branches": 0, "missing_branches": 0, "percent_branches_covered": 100.0, "percent_branches_covered_display": "100"}, "missing_lines": [], "excluded_lines": [], "start_line": 362, "executed_branches": [], "missing_branches": []}, "create_queue.dispatch": {"executed_lines": [], "summary": {"covered_lines": 0, "num_statements": 2, "percent_covered": 0.0, "percent_covered_display": "0", "missing_lines": 2, "excluded_lines": 0, "percent_statements_covered": 0.0, "percent_statements_covered_display": "0", "num_branches": 2, "num_partial_branches": 0, "covered_branches": 0, "missing_branches": 2, "percent_branches_covered": 0.0, "percent_branches_covered_display": "0"}, "missing_lines": [382, 383], "excluded_lines": [], "start_line": 381, "executed_branches": [], "missing_branches": [[382, -381], [382, 383]]}, "": {"executed_lines": [10, 11, 12, 13, 14, 15, 16, 18, 19, 20, 21, 23, 24, 25, 33, 34, 35, 36, 37, 43, 44, 45, 46, 47, 48, 49, 50, 51, 52, 53, 55, 56, 59, 60, 75, 115, 344, 362], "summary": {"covered_lines": 38, "num_statements": 38, "percent_covered": 100.0, "percent_covered_display": "100", "missing_lines": 0, "excluded_lines": 0, "percent_statements_covered": 100.0, "percent_statements_covered_display": "100", "num_branches": 0, "num_partial_branches": 0, "covered_branches": 0, "missing_branches": 0, "percent_branches_covered": 100.0, "percent_branches_covered_display": "100"}, "missing_lines": [], "excluded_lines": [], "start_line": 1, "executed_branches": [], "missing_branches": []}}, "classes": {"WorkflowWorker": {"executed_lines": [69, 70, 71, 72, 73, 78, 79, 80, 81, 82, 83, 85, 91, 92, 93, 94, 99, 105, 106, 111, 112, 116, 117, 118, 119, 120, 121, 122, 123, 124, 126, 127, 128, 129, 130, 137, 138, 139, 140, 141, 142, 143, 145, 146, 147, 148, 150, 155, 156, 157, 158, 159, 160, 163, 166, 168, 169, 171, 172, 173, 180, 205, 212, 224, 232, 236, 245, 266, 268, 271, 272, 273, 274, 297, 298, 299, 301, 302, 318, 321, 322, 323, 324, 327, 328, 336, 337, 338, 339], "summary": {"covered_lines": 89, "num_statements": 105, "percent_covered": 80.95238095238095, "percent_covered_display": "81", "missing_lines": 16, "excluded_lines": 0, "percent_statements_covered": 84.76190476190476, "percent_statements_covered_display": "85", "num_branches": 42, "num_partial_branches": 8, "covered_branches": 30, "missing_branches": 12, "percent_branches_covered": 71.42857142857143, "percent_branches_covered_display": "71"}, "missing_lines": [84, 113, 149, 176, 183, 184, 187, 233, 267, 300, 340, 345, 346, 347, 348, 359], "excluded_lines": [], "start_line": 59, "executed_branches": [[78, 79], [78, 81], [83, 85], [91, -75], [91, 92], [92, 93], [92, 94], [99, 105], [99, 106], [112, 91], [118, 119], [118, 120], [127, -126], [127, 128], [137, 127], [137, 138], [148, 150], [159, 160], [159, 163], [171, 172], [171, 224], [173, 180], [232, 236], [266, 268], [299, 301], [322, 323], [322, 324], [337, -115], [337, 338], [339, -115]], "missing_branches": [[83, 84], [112, 113], [148, 149], [173, 176], [183, 184], [183, 187], [232, 233], [266, 267], [299, 300], [339, 340], [345, 346], [345, 347]]}, "": {"executed_lines": [10, 11, 12, 13, 14, 15, 16, 18, 19, 20, 21, 23, 24, 25, 33, 34, 35, 36, 37, 43, 44, 45, 46, 47, 48, 49, 50, 51, 52, 53, 55, 56, 59, 60, 75, 115, 344, 362, 365, 366, 379, 381, 385, 386], "summary": {"covered_lines": 44, "num_statements": 46, "percent_covered": 91.66666666666667, "percent_covered_display": "92", "missing_lines": 2, "excluded_lines": 0, "percent_statements_covered": 95.65217391304348, "percent_statements_covered_display": "96", "num_branches": 2, "num_partial_branches": 0, "covered_branches": 0, "missing_branches": 2, "percent_branches_covered": 0.0, "percent_branches_covered_display": "0"}, "missing_lines": [382, 383], "excluded_lines": [], "start_line": 1, "executed_branches": [], "missing_branches": [[382, -381], [382, 383]]}}}}, "totals": {"covered_lines": 7914, "num_statements": 8848, "percent_covered": 85.5249569707401, "percent_covered_display": "86", "missing_lines": 934, "excluded_lines": 34, "percent_statements_covered": 89.44394213381555, "percent_statements_covered_display": "89", "num_branches": 2772, "num_partial_branches": 634, "covered_branches": 2024, "missing_branches": 748, "percent_branches_covered": 73.01587301587301, "percent_branches_covered_display": "73"}}